master_addr is only used for static rdzv_backend and when rdzv_endpoint is not specified.
Setting ds_accelerator to cuda (auto detect)
11/29/2023 14:26:18 - WARNING - __main__ - Process rank: 0, device: cuda:0, n_gpu: 1distributed training: True, 16-bits training: False
11/29/2023 14:26:18 - INFO - __main__ - Training/evaluation parameters Seq2SeqTrainingArguments(
_n_gpu=1,
adafactor=False,
adam_beta1=0.9,
adam_beta2=0.999,
adam_epsilon=1e-08,
auto_find_batch_size=False,
bf16=False,
bf16_full_eval=False,
data_seed=None,
dataloader_drop_last=False,
dataloader_num_workers=0,
dataloader_pin_memory=True,
ddp_backend=None,
ddp_bucket_cap_mb=None,
ddp_find_unused_parameters=None,
ddp_timeout=1800,
debug=[],
deepspeed=None,
disable_tqdm=False,
do_eval=False,
do_predict=False,
do_train=False,
eval_accumulation_steps=None,
eval_delay=0,
eval_steps=None,
evaluation_strategy=no,
fp16=False,
fp16_backend=auto,
fp16_full_eval=False,
fp16_opt_level=O1,
fsdp=[],
fsdp_config={'fsdp_min_num_params': 0, 'xla': False, 'xla_fsdp_grad_ckpt': False},
fsdp_min_num_params=0,
fsdp_transformer_layer_cls_to_wrap=None,
full_determinism=False,
generation_config=None,
generation_max_length=None,
generation_num_beams=None,
gradient_accumulation_steps=16,
gradient_checkpointing=False,
greater_is_better=None,
group_by_length=False,
half_precision_backend=auto,
hub_model_id=None,
hub_private_repo=False,
hub_strategy=every_save,
hub_token=<HUB_TOKEN>,
ignore_data_skip=False,
include_inputs_for_metrics=False,
jit_mode_eval=False,
label_names=None,
label_smoothing_factor=0.0,
learning_rate=0.02,
length_column_name=length,
load_best_model_at_end=False,
local_rank=0,
log_level=passive,
log_level_replica=warning,
log_on_each_node=True,
logging_dir=output/tool_alpaca_pt-20231129-142600-128-2e-2/runs/Nov29_14-26-18_freeview-Precision-3650-Tower,
logging_first_step=False,
logging_nan_inf_filter=True,
logging_steps=1.0,
logging_strategy=steps,
lr_scheduler_type=linear,
max_grad_norm=1.0,
max_steps=1000,
metric_for_best_model=None,
mp_parameters=,
no_cuda=False,
num_train_epochs=3.0,
optim=adamw_hf,
optim_args=None,
output_dir=output/tool_alpaca_pt-20231129-142600-128-2e-2,
overwrite_output_dir=False,
past_index=-1,
per_device_eval_batch_size=8,
per_device_train_batch_size=1,
predict_with_generate=False,
prediction_loss_only=False,
push_to_hub=False,
push_to_hub_model_id=None,
push_to_hub_organization=None,
push_to_hub_token=<PUSH_TO_HUB_TOKEN>,
ray_scope=last,
remove_unused_columns=True,
report_to=['tensorboard'],
resume_from_checkpoint=None,
run_name=output/tool_alpaca_pt-20231129-142600-128-2e-2,
save_on_each_node=False,
save_safetensors=False,
save_steps=500,
save_strategy=steps,
save_total_limit=None,
seed=42,
sharded_ddp=[],
skip_memory_metrics=True,
sortish_sampler=False,
tf32=None,
torch_compile=False,
torch_compile_backend=None,
torch_compile_mode=None,
torchdynamo=None,
tpu_metrics_debug=False,
tpu_num_cores=None,
use_ipex=False,
use_legacy_prediction_loop=False,
use_mps_device=False,
warmup_ratio=0.0,
warmup_steps=0,
weight_decay=0.0,
xpu_backend=None,
)
[INFO|configuration_utils.py:669] 2023-11-29 14:26:19,806 >> loading configuration file config.json from cache at /home/freeview/.cache/huggingface/hub/models--THUDM--chatglm3-6b/snapshots/e46a14881eae613281abbd266ee918e93a56018f/config.json
[INFO|configuration_utils.py:669] 2023-11-29 14:26:20,860 >> loading configuration file config.json from cache at /home/freeview/.cache/huggingface/hub/models--THUDM--chatglm3-6b/snapshots/e46a14881eae613281abbd266ee918e93a56018f/config.json
[INFO|configuration_utils.py:725] 2023-11-29 14:26:20,862 >> Model config ChatGLMConfig {
  "_name_or_path": "THUDM/chatglm3-6b",
  "add_bias_linear": false,
  "add_qkv_bias": true,
  "apply_query_key_layer_scaling": true,
  "apply_residual_connection_post_layernorm": false,
  "architectures": [
    "ChatGLMModel"
  ],
  "attention_dropout": 0.0,
  "attention_softmax_in_fp32": true,
  "auto_map": {
    "AutoConfig": "THUDM/chatglm3-6b--configuration_chatglm.ChatGLMConfig",
    "AutoModel": "THUDM/chatglm3-6b--modeling_chatglm.ChatGLMForConditionalGeneration",
    "AutoModelForCausalLM": "THUDM/chatglm3-6b--modeling_chatglm.ChatGLMForConditionalGeneration",
    "AutoModelForSeq2SeqLM": "THUDM/chatglm3-6b--modeling_chatglm.ChatGLMForConditionalGeneration",
    "AutoModelForSequenceClassification": "THUDM/chatglm3-6b--modeling_chatglm.ChatGLMForSequenceClassification"
  },
  "bias_dropout_fusion": true,
  "classifier_dropout": null,
  "eos_token_id": 2,
  "ffn_hidden_size": 13696,
  "fp32_residual_connection": false,
  "hidden_dropout": 0.0,
  "hidden_size": 4096,
  "kv_channels": 128,
  "layernorm_epsilon": 1e-05,
  "model_type": "chatglm",
  "multi_query_attention": true,
  "multi_query_group_num": 2,
  "num_attention_heads": 32,
  "num_layers": 28,
  "original_rope": true,
  "pad_token_id": 0,
  "padded_vocab_size": 65024,
  "post_layer_norm": true,
  "pre_seq_len": null,
  "prefix_projection": false,
  "quantization_bit": 0,
  "rmsnorm": true,
  "seq_length": 8192,
  "tie_word_embeddings": false,
  "torch_dtype": "float16",
  "transformers_version": "4.30.2",
  "use_cache": true,
  "vocab_size": 65024
}

[INFO|tokenization_utils_base.py:1823] 2023-11-29 14:26:21,723 >> loading file tokenizer.model from cache at /home/freeview/.cache/huggingface/hub/models--THUDM--chatglm3-6b/snapshots/e46a14881eae613281abbd266ee918e93a56018f/tokenizer.model
[INFO|tokenization_utils_base.py:1823] 2023-11-29 14:26:21,723 >> loading file added_tokens.json from cache at None
[INFO|tokenization_utils_base.py:1823] 2023-11-29 14:26:21,723 >> loading file special_tokens_map.json from cache at None
[INFO|tokenization_utils_base.py:1823] 2023-11-29 14:26:21,723 >> loading file tokenizer_config.json from cache at /home/freeview/.cache/huggingface/hub/models--THUDM--chatglm3-6b/snapshots/e46a14881eae613281abbd266ee918e93a56018f/tokenizer_config.json
[INFO|modeling_utils.py:2578] 2023-11-29 14:26:23,650 >> loading weights file pytorch_model.bin from cache at /home/freeview/.cache/huggingface/hub/models--THUDM--chatglm3-6b/snapshots/e46a14881eae613281abbd266ee918e93a56018f/pytorch_model.bin.index.json
[INFO|configuration_utils.py:577] 2023-11-29 14:26:23,654 >> Generate config GenerationConfig {
  "_from_model_config": true,
  "eos_token_id": 2,
  "pad_token_id": 0,
  "transformers_version": "4.30.2"
}

Loading checkpoint shards:   0%|          | 0/7 [00:00<?, ?it/s]Loading checkpoint shards:  14%|█▍        | 1/7 [00:19<01:57, 19.57s/it]Loading checkpoint shards:  29%|██▊       | 2/7 [00:28<01:07, 13.59s/it]