master_addr is only used for static rdzv_backend and when rdzv_endpoint is not specified.
Setting ds_accelerator to cuda (auto detect)
11/29/2023 14:37:02 - WARNING - __main__ - Process rank: 0, device: cuda:0, n_gpu: 1distributed training: True, 16-bits training: False
11/29/2023 14:37:02 - INFO - __main__ - Training/evaluation parameters Seq2SeqTrainingArguments(
_n_gpu=1,
adafactor=False,
adam_beta1=0.9,
adam_beta2=0.999,
adam_epsilon=1e-08,
auto_find_batch_size=False,
bf16=False,
bf16_full_eval=False,
data_seed=None,
dataloader_drop_last=False,
dataloader_num_workers=0,
dataloader_pin_memory=True,
ddp_backend=None,
ddp_bucket_cap_mb=None,
ddp_find_unused_parameters=None,
ddp_timeout=1800,
debug=[],
deepspeed=None,
disable_tqdm=False,
do_eval=False,
do_predict=False,
do_train=False,
eval_accumulation_steps=None,
eval_delay=0,
eval_steps=None,
evaluation_strategy=no,
fp16=False,
fp16_backend=auto,
fp16_full_eval=False,
fp16_opt_level=O1,
fsdp=[],
fsdp_config={'fsdp_min_num_params': 0, 'xla': False, 'xla_fsdp_grad_ckpt': False},
fsdp_min_num_params=0,
fsdp_transformer_layer_cls_to_wrap=None,
full_determinism=False,
generation_config=None,
generation_max_length=None,
generation_num_beams=None,
gradient_accumulation_steps=16,
gradient_checkpointing=False,
greater_is_better=None,
group_by_length=False,
half_precision_backend=auto,
hub_model_id=None,
hub_private_repo=False,
hub_strategy=every_save,
hub_token=<HUB_TOKEN>,
ignore_data_skip=False,
include_inputs_for_metrics=False,
jit_mode_eval=False,
label_names=None,
label_smoothing_factor=0.0,
learning_rate=0.02,
length_column_name=length,
load_best_model_at_end=False,
local_rank=0,
log_level=passive,
log_level_replica=warning,
log_on_each_node=True,
logging_dir=output/tool_alpaca_pt-20231129-143659-128-2e-2/runs/Nov29_14-37-02_freeview-Precision-3650-Tower,
logging_first_step=False,
logging_nan_inf_filter=True,
logging_steps=1.0,
logging_strategy=steps,
lr_scheduler_type=linear,
max_grad_norm=1.0,
max_steps=1000,
metric_for_best_model=None,
mp_parameters=,
no_cuda=False,
num_train_epochs=3.0,
optim=adamw_hf,
optim_args=None,
output_dir=output/tool_alpaca_pt-20231129-143659-128-2e-2,
overwrite_output_dir=False,
past_index=-1,
per_device_eval_batch_size=8,
per_device_train_batch_size=1,
predict_with_generate=False,
prediction_loss_only=False,
push_to_hub=False,
push_to_hub_model_id=None,
push_to_hub_organization=None,
push_to_hub_token=<PUSH_TO_HUB_TOKEN>,
ray_scope=last,
remove_unused_columns=True,
report_to=['tensorboard'],
resume_from_checkpoint=None,
run_name=output/tool_alpaca_pt-20231129-143659-128-2e-2,
save_on_each_node=False,
save_safetensors=False,
save_steps=500,
save_strategy=steps,
save_total_limit=None,
seed=42,
sharded_ddp=[],
skip_memory_metrics=True,
sortish_sampler=False,
tf32=None,
torch_compile=False,
torch_compile_backend=None,
torch_compile_mode=None,
torchdynamo=None,
tpu_metrics_debug=False,
tpu_num_cores=None,
use_ipex=False,
use_legacy_prediction_loop=False,
use_mps_device=False,
warmup_ratio=0.0,
warmup_steps=0,
weight_decay=0.0,
xpu_backend=None,
)
[INFO|configuration_utils.py:669] 2023-11-29 14:37:03,684 >> loading configuration file config.json from cache at /home/freeview/.cache/huggingface/hub/models--THUDM--chatglm3-6b/snapshots/e46a14881eae613281abbd266ee918e93a56018f/config.json
[INFO|configuration_utils.py:669] 2023-11-29 14:37:04,523 >> loading configuration file config.json from cache at /home/freeview/.cache/huggingface/hub/models--THUDM--chatglm3-6b/snapshots/e46a14881eae613281abbd266ee918e93a56018f/config.json
[INFO|configuration_utils.py:725] 2023-11-29 14:37:04,525 >> Model config ChatGLMConfig {
  "_name_or_path": "THUDM/chatglm3-6b",
  "add_bias_linear": false,
  "add_qkv_bias": true,
  "apply_query_key_layer_scaling": true,
  "apply_residual_connection_post_layernorm": false,
  "architectures": [
    "ChatGLMModel"
  ],
  "attention_dropout": 0.0,
  "attention_softmax_in_fp32": true,
  "auto_map": {
    "AutoConfig": "THUDM/chatglm3-6b--configuration_chatglm.ChatGLMConfig",
    "AutoModel": "THUDM/chatglm3-6b--modeling_chatglm.ChatGLMForConditionalGeneration",
    "AutoModelForCausalLM": "THUDM/chatglm3-6b--modeling_chatglm.ChatGLMForConditionalGeneration",
    "AutoModelForSeq2SeqLM": "THUDM/chatglm3-6b--modeling_chatglm.ChatGLMForConditionalGeneration",
    "AutoModelForSequenceClassification": "THUDM/chatglm3-6b--modeling_chatglm.ChatGLMForSequenceClassification"
  },
  "bias_dropout_fusion": true,
  "classifier_dropout": null,
  "eos_token_id": 2,
  "ffn_hidden_size": 13696,
  "fp32_residual_connection": false,
  "hidden_dropout": 0.0,
  "hidden_size": 4096,
  "kv_channels": 128,
  "layernorm_epsilon": 1e-05,
  "model_type": "chatglm",
  "multi_query_attention": true,
  "multi_query_group_num": 2,
  "num_attention_heads": 32,
  "num_layers": 28,
  "original_rope": true,
  "pad_token_id": 0,
  "padded_vocab_size": 65024,
  "post_layer_norm": true,
  "pre_seq_len": null,
  "prefix_projection": false,
  "quantization_bit": 0,
  "rmsnorm": true,
  "seq_length": 8192,
  "tie_word_embeddings": false,
  "torch_dtype": "float16",
  "transformers_version": "4.30.2",
  "use_cache": true,
  "vocab_size": 65024
}

[INFO|tokenization_utils_base.py:1823] 2023-11-29 14:37:05,366 >> loading file tokenizer.model from cache at /home/freeview/.cache/huggingface/hub/models--THUDM--chatglm3-6b/snapshots/e46a14881eae613281abbd266ee918e93a56018f/tokenizer.model
[INFO|tokenization_utils_base.py:1823] 2023-11-29 14:37:05,366 >> loading file added_tokens.json from cache at None
[INFO|tokenization_utils_base.py:1823] 2023-11-29 14:37:05,366 >> loading file special_tokens_map.json from cache at None
[INFO|tokenization_utils_base.py:1823] 2023-11-29 14:37:05,366 >> loading file tokenizer_config.json from cache at /home/freeview/.cache/huggingface/hub/models--THUDM--chatglm3-6b/snapshots/e46a14881eae613281abbd266ee918e93a56018f/tokenizer_config.json
[INFO|modeling_utils.py:2578] 2023-11-29 14:37:05,989 >> loading weights file pytorch_model.bin from cache at /home/freeview/.cache/huggingface/hub/models--THUDM--chatglm3-6b/snapshots/e46a14881eae613281abbd266ee918e93a56018f/pytorch_model.bin.index.json
[INFO|configuration_utils.py:577] 2023-11-29 14:37:05,990 >> Generate config GenerationConfig {
  "_from_model_config": true,
  "eos_token_id": 2,
  "pad_token_id": 0,
  "transformers_version": "4.30.2"
}

Loading checkpoint shards:   0%|          | 0/7 [00:00<?, ?it/s]Loading checkpoint shards:  14%|█▍        | 1/7 [00:00<00:04,  1.32it/s]Loading checkpoint shards:  29%|██▊       | 2/7 [00:01<00:03,  1.26it/s]Loading checkpoint shards:  43%|████▎     | 3/7 [00:02<00:03,  1.27it/s]Loading checkpoint shards:  57%|█████▋    | 4/7 [00:03<00:02,  1.30it/s]Loading checkpoint shards:  71%|███████▏  | 5/7 [00:03<00:01,  1.29it/s]Loading checkpoint shards:  86%|████████▌ | 6/7 [00:04<00:00,  1.29it/s]Loading checkpoint shards: 100%|██████████| 7/7 [00:05<00:00,  1.47it/s]Loading checkpoint shards: 100%|██████████| 7/7 [00:05<00:00,  1.36it/s]
[INFO|modeling_utils.py:3295] 2023-11-29 14:37:11,280 >> All model checkpoint weights were used when initializing ChatGLMForConditionalGeneration.

[WARNING|modeling_utils.py:3297] 2023-11-29 14:37:11,280 >> Some weights of ChatGLMForConditionalGeneration were not initialized from the model checkpoint at THUDM/chatglm3-6b and are newly initialized: ['transformer.prefix_encoder.embedding.weight']
You should probably TRAIN this model on a down-stream task to be able to use it for predictions and inference.
[INFO|modeling_utils.py:2927] 2023-11-29 14:37:11,894 >> Generation config file not found, using a generation config created from the model config.
Quantized to 8 bit
Sanity Check >>>>>>>>>>>>>
           '[gMASK]':  64790 ->   -100
               'sop':  64792 ->   -100
        '<|system|>':  64794 ->   -100
                  '':  30910 ->   -100
                '\n':     13 ->   -100
                  '':  30910 ->   -100
                '你是':  34607 ->   -100
                'JS':  24781 ->   -100
                'BC':   3336 ->   -100
                '助手':  42481 ->   -100
                 '，':  31123 ->   -100
                '帮助':  31934 ->   -100
                '程序':  32443 ->   -100
                 '员':  54650 ->   -100
                 '们':  54566 ->   -100
                '进行':  31636 ->   -100
                 '多':  54573 ->   -100
                '平台':  31782 ->   -100
                '代码':  35089 ->   -100
                '开发':  31936 ->   -100
                 '。':  31155 ->   -100
          '<|user|>':  64795 ->   -100
                  '':  30910 ->   -100
                '\n':     13 ->   -100
                  '':  30910 ->   -100
                '你是':  34607 ->   -100
                 '谁':  55622 ->   -100
                 '？':  31514 ->   -100
     '<|assistant|>':  64796 ->   -100
                  '':  30910 ->  30910
                '\n':     13 ->     13
                  '':  30910 ->  30910
                '我是':  33030 ->  33030
                'JS':  24781 ->  24781
                'BC':   3336 ->   3336
                '助手':  42481 ->  42481
                 '，':  31123 ->  31123
               '我可以':  40648 ->  40648
               '帮助你':  53500 ->  53500
                '进行':  31636 ->  31636
                '代码':  35089 ->  35089
                '开发':  31936 ->  31936
                 '。':  31155 ->  31155
                  '':      2 ->      2
                  '':      0 ->   -100
                  '':      0 ->   -100
                  '':      0 ->   -100
                  '':      0 ->   -100
                  '':      0 ->   -100
                  '':      0 ->   -100
                  '':      0 ->   -100
                  '':      0 ->   -100
                  '':      0 ->   -100
                  '':      0 ->   -100
                  '':      0 ->   -100
                  '':      0 ->   -100
                  '':      0 ->   -100
                  '':      0 ->   -100
                  '':      0 ->   -100
                  '':      0 ->   -100
                  '':      0 ->   -100
                  '':      0 ->   -100
                  '':      0 ->   -100
                  '':      0 ->   -100
                  '':      0 ->   -100
                  '':      0 ->   -100
                  '':      0 ->   -100
                  '':      0 ->   -100
                  '':      0 ->   -100
                  '':      0 ->   -100
                  '':      0 ->   -100
                  '':      0 ->   -100
                  '':      0 ->   -100
                  '':      0 ->   -100
                  '':      0 ->   -100
                  '':      0 ->   -100
                  '':      0 ->   -100
                  '':      0 ->   -100
                  '':      0 ->   -100
                  '':      0 ->   -100
                  '':      0 ->   -100
                  '':      0 ->   -100
                  '':      0 ->   -100
                  '':      0 ->   -100
                  '':      0 ->   -100
                  '':      0 ->   -100
                  '':      0 ->   -100
                  '':      0 ->   -100
                  '':      0 ->   -100
                  '':      0 ->   -100
                  '':      0 ->   -100
                  '':      0 ->   -100
                  '':      0 ->   -100
                  '':      0 ->   -100
                  '':      0 ->   -100
                  '':      0 ->   -100
                  '':      0 ->   -100
                  '':      0 ->   -100
                  '':      0 ->   -100
                  '':      0 ->   -100
                  '':      0 ->   -100
                  '':      0 ->   -100
                  '':      0 ->   -100
                  '':      0 ->   -100
                  '':      0 ->   -100
                  '':      0 ->   -100
                  '':      0 ->   -100
                  '':      0 ->   -100
                  '':      0 ->   -100
                  '':      0 ->   -100
                  '':      0 ->   -100
                  '':      0 ->   -100
                  '':      0 ->   -100
                  '':      0 ->   -100
                  '':      0 ->   -100
                  '':      0 ->   -100
                  '':      0 ->   -100
                  '':      0 ->   -100
                  '':      0 ->   -100
                  '':      0 ->   -100
                  '':      0 ->   -100
                  '':      0 ->   -100
                  '':      0 ->   -100
                  '':      0 ->   -100
                  '':      0 ->   -100
                  '':      0 ->   -100
                  '':      0 ->   -100
                  '':      0 ->   -100
                  '':      0 ->   -100
                  '':      0 ->   -100
                  '':      0 ->   -100
                  '':      0 ->   -100
                  '':      0 ->   -100
                  '':      0 ->   -100
                  '':      0 ->   -100
                  '':      0 ->   -100
                  '':      0 ->   -100
                  '':      0 ->   -100
                  '':      0 ->   -100
                  '':      0 ->   -100
                  '':      0 ->   -100
                  '':      0 ->   -100
                  '':      0 ->   -100
                  '':      0 ->   -100
                  '':      0 ->   -100
                  '':      0 ->   -100
                  '':      0 ->   -100
                  '':      0 ->   -100
                  '':      0 ->   -100
                  '':      0 ->   -100
                  '':      0 ->   -100
                  '':      0 ->   -100
                  '':      0 ->   -100
                  '':      0 ->   -100
                  '':      0 ->   -100
                  '':      0 ->   -100
                  '':      0 ->   -100
                  '':      0 ->   -100
                  '':      0 ->   -100
                  '':      0 ->   -100
                  '':      0 ->   -100
                  '':      0 ->   -100
                  '':      0 ->   -100
                  '':      0 ->   -100
                  '':      0 ->   -100
                  '':      0 ->   -100
                  '':      0 ->   -100
                  '':      0 ->   -100
                  '':      0 ->   -100
                  '':      0 ->   -100
                  '':      0 ->   -100
                  '':      0 ->   -100
                  '':      0 ->   -100
                  '':      0 ->   -100
                  '':      0 ->   -100
                  '':      0 ->   -100
                  '':      0 ->   -100
                  '':      0 ->   -100
                  '':      0 ->   -100
                  '':      0 ->   -100
                  '':      0 ->   -100
                  '':      0 ->   -100
                  '':      0 ->   -100
                  '':      0 ->   -100
                  '':      0 ->   -100
                  '':      0 ->   -100
                  '':      0 ->   -100
                  '':      0 ->   -100
                  '':      0 ->   -100
                  '':      0 ->   -100
                  '':      0 ->   -100
                  '':      0 ->   -100
                  '':      0 ->   -100
                  '':      0 ->   -100
                  '':      0 ->   -100
                  '':      0 ->   -100
                  '':      0 ->   -100
                  '':      0 ->   -100
                  '':      0 ->   -100
                  '':      0 ->   -100
                  '':      0 ->   -100
                  '':      0 ->   -100
                  '':      0 ->   -100
                  '':      0 ->   -100
                  '':      0 ->   -100
                  '':      0 ->   -100
                  '':      0 ->   -100
                  '':      0 ->   -100
                  '':      0 ->   -100
                  '':      0 ->   -100
                  '':      0 ->   -100
                  '':      0 ->   -100
                  '':      0 ->   -100
                  '':      0 ->   -100
                  '':      0 ->   -100
                  '':      0 ->   -100
                  '':      0 ->   -100
                  '':      0 ->   -100
                  '':      0 ->   -100
                  '':      0 ->   -100
                  '':      0 ->   -100
                  '':      0 ->   -100
                  '':      0 ->   -100
                  '':      0 ->   -100
                  '':      0 ->   -100
                  '':      0 ->   -100
                  '':      0 ->   -100
                  '':      0 ->   -100
                  '':      0 ->   -100
                  '':      0 ->   -100
                  '':      0 ->   -100
                  '':      0 ->   -100
                  '':      0 ->   -100
                  '':      0 ->   -100
                  '':      0 ->   -100
                  '':      0 ->   -100
                  '':      0 ->   -100
                  '':      0 ->   -100
                  '':      0 ->   -100
                  '':      0 ->   -100
                  '':      0 ->   -100
                  '':      0 ->   -100
                  '':      0 ->   -100
                  '':      0 ->   -100
                  '':      0 ->   -100
                  '':      0 ->   -100
                  '':      0 ->   -100
                  '':      0 ->   -100
                  '':      0 ->   -100
                  '':      0 ->   -100
                  '':      0 ->   -100
                  '':      0 ->   -100
                  '':      0 ->   -100
                  '':      0 ->   -100
                  '':      0 ->   -100
                  '':      0 ->   -100
                  '':      0 ->   -100
                  '':      0 ->   -100
                  '':      0 ->   -100
                  '':      0 ->   -100
                  '':      0 ->   -100
                  '':      0 ->   -100
                  '':      0 ->   -100
                  '':      0 ->   -100
                  '':      0 ->   -100
                  '':      0 ->   -100
                  '':      0 ->   -100
                  '':      0 ->   -100
                  '':      0 ->   -100
                  '':      0 ->   -100
                  '':      0 ->   -100
                  '':      0 ->   -100
                  '':      0 ->   -100
                  '':      0 ->   -100
                  '':      0 ->   -100
                  '':      0 ->   -100
                  '':      0 ->   -100
                  '':      0 ->   -100
                  '':      0 ->   -100
                  '':      0 ->   -100
                  '':      0 ->   -100
                  '':      0 ->   -100
                  '':      0 ->   -100
                  '':      0 ->   -100
                  '':      0 ->   -100
                  '':      0 ->   -100
                  '':      0 ->   -100
                  '':      0 ->   -100
                  '':      0 ->   -100
                  '':      0 ->   -100
                  '':      0 ->   -100
                  '':      0 ->   -100
                  '':      0 ->   -100
                  '':      0 ->   -100
                  '':      0 ->   -100
                  '':      0 ->   -100
                  '':      0 ->   -100
                  '':      0 ->   -100
                  '':      0 ->   -100
                  '':      0 ->   -100
                  '':      0 ->   -100
                  '':      0 ->   -100
                  '':      0 ->   -100
                  '':      0 ->   -100
                  '':      0 ->   -100
                  '':      0 ->   -100
                  '':      0 ->   -100
                  '':      0 ->   -100
                  '':      0 ->   -100
                  '':      0 ->   -100
                  '':      0 ->   -100
                  '':      0 ->   -100
                  '':      0 ->   -100
                  '':      0 ->   -100
                  '':      0 ->   -100
                  '':      0 ->   -100
                  '':      0 ->   -100
                  '':      0 ->   -100
                  '':      0 ->   -100
                  '':      0 ->   -100
                  '':      0 ->   -100
                  '':      0 ->   -100
                  '':      0 ->   -100
                  '':      0 ->   -100
                  '':      0 ->   -100
                  '':      0 ->   -100
                  '':      0 ->   -100
                  '':      0 ->   -100
                  '':      0 ->   -100
                  '':      0 ->   -100
                  '':      0 ->   -100
                  '':      0 ->   -100
                  '':      0 ->   -100
                  '':      0 ->   -100
                  '':      0 ->   -100
                  '':      0 ->   -100
                  '':      0 ->   -100
                  '':      0 ->   -100
                  '':      0 ->   -100
                  '':      0 ->   -100
                  '':      0 ->   -100
                  '':      0 ->   -100
                  '':      0 ->   -100
                  '':      0 ->   -100
                  '':      0 ->   -100
                  '':      0 ->   -100
                  '':      0 ->   -100
                  '':      0 ->   -100
                  '':      0 ->   -100
                  '':      0 ->   -100
                  '':      0 ->   -100
                  '':      0 ->   -100
                  '':      0 ->   -100
                  '':      0 ->   -100
                  '':      0 ->   -100
                  '':      0 ->   -100
                  '':      0 ->   -100
                  '':      0 ->   -100
                  '':      0 ->   -100
                  '':      0 ->   -100
                  '':      0 ->   -100
                  '':      0 ->   -100
                  '':      0 ->   -100
                  '':      0 ->   -100
                  '':      0 ->   -100
                  '':      0 ->   -100
                  '':      0 ->   -100
                  '':      0 ->   -100
                  '':      0 ->   -100
                  '':      0 ->   -100
                  '':      0 ->   -100
                  '':      0 ->   -100
                  '':      0 ->   -100
                  '':      0 ->   -100
                  '':      0 ->   -100
                  '':      0 ->   -100
                  '':      0 ->   -100
                  '':      0 ->   -100
                  '':      0 ->   -100
                  '':      0 ->   -100
                  '':      0 ->   -100
                  '':      0 ->   -100
                  '':      0 ->   -100
                  '':      0 ->   -100
                  '':      0 ->   -100
                  '':      0 ->   -100
                  '':      0 ->   -100
                  '':      0 ->   -100
                  '':      0 ->   -100
                  '':      0 ->   -100
                  '':      0 ->   -100
                  '':      0 ->   -100
                  '':      0 ->   -100
                  '':      0 ->   -100
                  '':      0 ->   -100
                  '':      0 ->   -100
                  '':      0 ->   -100
                  '':      0 ->   -100
                  '':      0 ->   -100
                  '':      0 ->   -100
                  '':      0 ->   -100
                  '':      0 ->   -100
                  '':      0 ->   -100
                  '':      0 ->   -100
                  '':      0 ->   -100
                  '':      0 ->   -100
                  '':      0 ->   -100
                  '':      0 ->   -100
                  '':      0 ->   -100
                  '':      0 ->   -100
                  '':      0 ->   -100
                  '':      0 ->   -100
                  '':      0 ->   -100
                  '':      0 ->   -100
                  '':      0 ->   -100
                  '':      0 ->   -100
                  '':      0 ->   -100
                  '':      0 ->   -100
                  '':      0 ->   -100
                  '':      0 ->   -100
                  '':      0 ->   -100
                  '':      0 ->   -100
                  '':      0 ->   -100
                  '':      0 ->   -100
                  '':      0 ->   -100
                  '':      0 ->   -100
                  '':      0 ->   -100
                  '':      0 ->   -100
                  '':      0 ->   -100
                  '':      0 ->   -100
                  '':      0 ->   -100
                  '':      0 ->   -100
                  '':      0 ->   -100
                  '':      0 ->   -100
                  '':      0 ->   -100
                  '':      0 ->   -100
                  '':      0 ->   -100
                  '':      0 ->   -100
                  '':      0 ->   -100
                  '':      0 ->   -100
                  '':      0 ->   -100
                  '':      0 ->   -100
                  '':      0 ->   -100
                  '':      0 ->   -100
                  '':      0 ->   -100
                  '':      0 ->   -100
                  '':      0 ->   -100
                  '':      0 ->   -100
                  '':      0 ->   -100
                  '':      0 ->   -100
                  '':      0 ->   -100
                  '':      0 ->   -100
                  '':      0 ->   -100
                  '':      0 ->   -100
                  '':      0 ->   -100
                  '':      0 ->   -100
                  '':      0 ->   -100
                  '':      0 ->   -100
                  '':      0 ->   -100
                  '':      0 ->   -100
                  '':      0 ->   -100
                  '':      0 ->   -100
                  '':      0 ->   -100
                  '':      0 ->   -100
                  '':      0 ->   -100
                  '':      0 ->   -100
                  '':      0 ->   -100
                  '':      0 ->   -100
                  '':      0 ->   -100
                  '':      0 ->   -100
                  '':      0 ->   -100
                  '':      0 ->   -100
                  '':      0 ->   -100
                  '':      0 ->   -100
                  '':      0 ->   -100
                  '':      0 ->   -100
                  '':      0 ->   -100
                  '':      0 ->   -100
                  '':      0 ->   -100
                  '':      0 ->   -100
                  '':      0 ->   -100
                  '':      0 ->   -100
                  '':      0 ->   -100
                  '':      0 ->   -100
                  '':      0 ->   -100
                  '':      0 ->   -100
                  '':      0 ->   -100
                  '':      0 ->   -100
                  '':      0 ->   -100
                  '':      0 ->   -100
                  '':      0 ->   -100
                  '':      0 ->   -100
                  '':      0 ->   -100
                  '':      0 ->   -100
                  '':      0 ->   -100
                  '':      0 ->   -100
                  '':      0 ->   -100
                  '':      0 ->   -100
                  '':      0 ->   -100
                  '':      0 ->   -100
                  '':      0 ->   -100
                  '':      0 ->   -100
                  '':      0 ->   -100
                  '':      0 ->   -100
                  '':      0 ->   -100
                  '':      0 ->   -100
                  '':      0 ->   -100
                  '':      0 ->   -100
                  '':      0 ->   -100
                  '':      0 ->   -100
                  '':      0 ->   -100
                  '':      0 ->   -100
                  '':      0 ->   -100
                  '':      0 ->   -100
                  '':      0 ->   -100
                  '':      0 ->   -100
                  '':      0 ->   -100
                  '':      0 ->   -100
                  '':      0 ->   -100
                  '':      0 ->   -100
                  '':      0 ->   -100
                  '':      0 ->   -100
                  '':      0 ->   -100
                  '':      0 ->   -100
                  '':      0 ->   -100
                  '':      0 ->   -100
                  '':      0 ->   -100
                  '':      0 ->   -100
                  '':      0 ->   -100
                  '':      0 ->   -100
                  '':      0 ->   -100
                  '':      0 ->   -100
                  '':      0 ->   -100
                  '':      0 ->   -100
                  '':      0 ->   -100
                  '':      0 ->   -100
                  '':      0 ->   -100
                  '':      0 ->   -100
                  '':      0 ->   -100
                  '':      0 ->   -100
                  '':      0 ->   -100
                  '':      0 ->   -100
                  '':      0 ->   -100
                  '':      0 ->   -100
                  '':      0 ->   -100
                  '':      0 ->   -100
                  '':      0 ->   -100
                  '':      0 ->   -100
                  '':      0 ->   -100
                  '':      0 ->   -100
                  '':      0 ->   -100
                  '':      0 ->   -100
                  '':      0 ->   -100
                  '':      0 ->   -100
                  '':      0 ->   -100
                  '':      0 ->   -100
                  '':      0 ->   -100
                  '':      0 ->   -100
                  '':      0 ->   -100
                  '':      0 ->   -100
                  '':      0 ->   -100
                  '':      0 ->   -100
                  '':      0 ->   -100
                  '':      0 ->   -100
                  '':      0 ->   -100
                  '':      0 ->   -100
                  '':      0 ->   -100
                  '':      0 ->   -100
                  '':      0 ->   -100
                  '':      0 ->   -100
                  '':      0 ->   -100
                  '':      0 ->   -100
                  '':      0 ->   -100
                  '':      0 ->   -100
                  '':      0 ->   -100
                  '':      0 ->   -100
                  '':      0 ->   -100
                  '':      0 ->   -100
                  '':      0 ->   -100
                  '':      0 ->   -100
                  '':      0 ->   -100
                  '':      0 ->   -100
                  '':      0 ->   -100
                  '':      0 ->   -100
                  '':      0 ->   -100
                  '':      0 ->   -100
                  '':      0 ->   -100
                  '':      0 ->   -100
                  '':      0 ->   -100
                  '':      0 ->   -100
                  '':      0 ->   -100
                  '':      0 ->   -100
                  '':      0 ->   -100
                  '':      0 ->   -100
                  '':      0 ->   -100
                  '':      0 ->   -100
                  '':      0 ->   -100
                  '':      0 ->   -100
                  '':      0 ->   -100
                  '':      0 ->   -100
                  '':      0 ->   -100
                  '':      0 ->   -100
                  '':      0 ->   -100
                  '':      0 ->   -100
                  '':      0 ->   -100
                  '':      0 ->   -100
                  '':      0 ->   -100
                  '':      0 ->   -100
                  '':      0 ->   -100
                  '':      0 ->   -100
                  '':      0 ->   -100
                  '':      0 ->   -100
                  '':      0 ->   -100
                  '':      0 ->   -100
                  '':      0 ->   -100
                  '':      0 ->   -100
                  '':      0 ->   -100
                  '':      0 ->   -100
                  '':      0 ->   -100
                  '':      0 ->   -100
                  '':      0 ->   -100
                  '':      0 ->   -100
                  '':      0 ->   -100
                  '':      0 ->   -100
                  '':      0 ->   -100
                  '':      0 ->   -100
                  '':      0 ->   -100
                  '':      0 ->   -100
                  '':      0 ->   -100
                  '':      0 ->   -100
                  '':      0 ->   -100
                  '':      0 ->   -100
                  '':      0 ->   -100
                  '':      0 ->   -100
                  '':      0 ->   -100
                  '':      0 ->   -100
                  '':      0 ->   -100
                  '':      0 ->   -100
                  '':      0 ->   -100
                  '':      0 ->   -100
                  '':      0 ->   -100
                  '':      0 ->   -100
                  '':      0 ->   -100
                  '':      0 ->   -100
                  '':      0 ->   -100
                  '':      0 ->   -100
                  '':      0 ->   -100
                  '':      0 ->   -100
                  '':      0 ->   -100
                  '':      0 ->   -100
                  '':      0 ->   -100
                  '':      0 ->   -100
                  '':      0 ->   -100
                  '':      0 ->   -100
                  '':      0 ->   -100
                  '':      0 ->   -100
                  '':      0 ->   -100
                  '':      0 ->   -100
                  '':      0 ->   -100
                  '':      0 ->   -100
                  '':      0 ->   -100
                  '':      0 ->   -100
                  '':      0 ->   -100
                  '':      0 ->   -100
                  '':      0 ->   -100
                  '':      0 ->   -100
                  '':      0 ->   -100
                  '':      0 ->   -100
                  '':      0 ->   -100
                  '':      0 ->   -100
                  '':      0 ->   -100
                  '':      0 ->   -100
                  '':      0 ->   -100
                  '':      0 ->   -100
                  '':      0 ->   -100
                  '':      0 ->   -100
                  '':      0 ->   -100
                  '':      0 ->   -100
                  '':      0 ->   -100
                  '':      0 ->   -100
                  '':      0 ->   -100
                  '':      0 ->   -100
                  '':      0 ->   -100
                  '':      0 ->   -100
                  '':      0 ->   -100
                  '':      0 ->   -100
                  '':      0 ->   -100
                  '':      0 ->   -100
                  '':      0 ->   -100
                  '':      0 ->   -100
                  '':      0 ->   -100
                  '':      0 ->   -100
                  '':      0 ->   -100
                  '':      0 ->   -100
                  '':      0 ->   -100
                  '':      0 ->   -100
                  '':      0 ->   -100
                  '':      0 ->   -100
                  '':      0 ->   -100
                  '':      0 ->   -100
                  '':      0 ->   -100
                  '':      0 ->   -100
                  '':      0 ->   -100
                  '':      0 ->   -100
                  '':      0 ->   -100
                  '':      0 ->   -100
                  '':      0 ->   -100
                  '':      0 ->   -100
                  '':      0 ->   -100
                  '':      0 ->   -100
                  '':      0 ->   -100
                  '':      0 ->   -100
                  '':      0 ->   -100
                  '':      0 ->   -100
                  '':      0 ->   -100
                  '':      0 ->   -100
                  '':      0 ->   -100
                  '':      0 ->   -100
                  '':      0 ->   -100
                  '':      0 ->   -100
                  '':      0 ->   -100
                  '':      0 ->   -100
                  '':      0 ->   -100
                  '':      0 ->   -100
                  '':      0 ->   -100
                  '':      0 ->   -100
                  '':      0 ->   -100
                  '':      0 ->   -100
                  '':      0 ->   -100
                  '':      0 ->   -100
                  '':      0 ->   -100
                  '':      0 ->   -100
                  '':      0 ->   -100
                  '':      0 ->   -100
                  '':      0 ->   -100
                  '':      0 ->   -100
                  '':      0 ->   -100
                  '':      0 ->   -100
                  '':      0 ->   -100
                  '':      0 ->   -100
                  '':      0 ->   -100
                  '':      0 ->   -100
                  '':      0 ->   -100
                  '':      0 ->   -100
                  '':      0 ->   -100
                  '':      0 ->   -100
                  '':      0 ->   -100
                  '':      0 ->   -100
                  '':      0 ->   -100
                  '':      0 ->   -100
                  '':      0 ->   -100
                  '':      0 ->   -100
                  '':      0 ->   -100
                  '':      0 ->   -100
                  '':      0 ->   -100
                  '':      0 ->   -100
                  '':      0 ->   -100
                  '':      0 ->   -100
                  '':      0 ->   -100
                  '':      0 ->   -100
                  '':      0 ->   -100
                  '':      0 ->   -100
                  '':      0 ->   -100
                  '':      0 ->   -100
                  '':      0 ->   -100
                  '':      0 ->   -100
                  '':      0 ->   -100
                  '':      0 ->   -100
                  '':      0 ->   -100
                  '':      0 ->   -100
                  '':      0 ->   -100
                  '':      0 ->   -100
                  '':      0 ->   -100
                  '':      0 ->   -100
                  '':      0 ->   -100
                  '':      0 ->   -100
                  '':      0 ->   -100
                  '':      0 ->   -100
                  '':      0 ->   -100
                  '':      0 ->   -100
                  '':      0 ->   -100
                  '':      0 ->   -100
                  '':      0 ->   -100
                  '':      0 ->   -100
                  '':      0 ->   -100
                  '':      0 ->   -100
                  '':      0 ->   -100
                  '':      0 ->   -100
                  '':      0 ->   -100
                  '':      0 ->   -100
                  '':      0 ->   -100
                  '':      0 ->   -100
                  '':      0 ->   -100
                  '':      0 ->   -100
                  '':      0 ->   -100
                  '':      0 ->   -100
                  '':      0 ->   -100
                  '':      0 ->   -100
                  '':      0 ->   -100
                  '':      0 ->   -100
                  '':      0 ->   -100
                  '':      0 ->   -100
                  '':      0 ->   -100
                  '':      0 ->   -100
                  '':      0 ->   -100
                  '':      0 ->   -100
                  '':      0 ->   -100
                  '':      0 ->   -100
                  '':      0 ->   -100
                  '':      0 ->   -100
                  '':      0 ->   -100
                  '':      0 ->   -100
                  '':      0 ->   -100
                  '':      0 ->   -100
                  '':      0 ->   -100
                  '':      0 ->   -100
                  '':      0 ->   -100
                  '':      0 ->   -100
                  '':      0 ->   -100
                  '':      0 ->   -100
                  '':      0 ->   -100
                  '':      0 ->   -100
                  '':      0 ->   -100
                  '':      0 ->   -100
                  '':      0 ->   -100
                  '':      0 ->   -100
                  '':      0 ->   -100
                  '':      0 ->   -100
                  '':      0 ->   -100
                  '':      0 ->   -100
                  '':      0 ->   -100
                  '':      0 ->   -100
                  '':      0 ->   -100
                  '':      0 ->   -100
                  '':      0 ->   -100
                  '':      0 ->   -100
                  '':      0 ->   -100
                  '':      0 ->   -100
                  '':      0 ->   -100
                  '':      0 ->   -100
                  '':      0 ->   -100
                  '':      0 ->   -100
                  '':      0 ->   -100
                  '':      0 ->   -100
                  '':      0 ->   -100
                  '':      0 ->   -100
                  '':      0 ->   -100
                  '':      0 ->   -100
                  '':      0 ->   -100
                  '':      0 ->   -100
                  '':      0 ->   -100
                  '':      0 ->   -100
                  '':      0 ->   -100
                  '':      0 ->   -100
                  '':      0 ->   -100
                  '':      0 ->   -100
                  '':      0 ->   -100
                  '':      0 ->   -100
                  '':      0 ->   -100
                  '':      0 ->   -100
                  '':      0 ->   -100
                  '':      0 ->   -100
                  '':      0 ->   -100
                  '':      0 ->   -100
                  '':      0 ->   -100
                  '':      0 ->   -100
                  '':      0 ->   -100
                  '':      0 ->   -100
                  '':      0 ->   -100
                  '':      0 ->   -100
                  '':      0 ->   -100
                  '':      0 ->   -100
                  '':      0 ->   -100
                  '':      0 ->   -100
                  '':      0 ->   -100
                  '':      0 ->   -100
                  '':      0 ->   -100
                  '':      0 ->   -100
                  '':      0 ->   -100
                  '':      0 ->   -100
                  '':      0 ->   -100
                  '':      0 ->   -100
                  '':      0 ->   -100
                  '':      0 ->   -100
                  '':      0 ->   -100
                  '':      0 ->   -100
                  '':      0 ->   -100
                  '':      0 ->   -100
                  '':      0 ->   -100
                  '':      0 ->   -100
                  '':      0 ->   -100
                  '':      0 ->   -100
                  '':      0 ->   -100
                  '':      0 ->   -100
                  '':      0 ->   -100
                  '':      0 ->   -100
                  '':      0 ->   -100
                  '':      0 ->   -100
                  '':      0 ->   -100
                  '':      0 ->   -100
                  '':      0 ->   -100
                  '':      0 ->   -100
                  '':      0 ->   -100
                  '':      0 ->   -100
                  '':      0 ->   -100
                  '':      0 ->   -100
                  '':      0 ->   -100
                  '':      0 ->   -100
                  '':      0 ->   -100
                  '':      0 ->   -100
                  '':      0 ->   -100
                  '':      0 ->   -100
                  '':      0 ->   -100
                  '':      0 ->   -100
                  '':      0 ->   -100
                  '':      0 ->   -100
                  '':      0 ->   -100
                  '':      0 ->   -100
                  '':      0 ->   -100
                  '':      0 ->   -100
                  '':      0 ->   -100
                  '':      0 ->   -100
                  '':      0 ->   -100
                  '':      0 ->   -100
                  '':      0 ->   -100
                  '':      0 ->   -100
                  '':      0 ->   -100
                  '':      0 ->   -100
                  '':      0 ->   -100
                  '':      0 ->   -100
                  '':      0 ->   -100
                  '':      0 ->   -100
                  '':      0 ->   -100
                  '':      0 ->   -100
                  '':      0 ->   -100
                  '':      0 ->   -100
                  '':      0 ->   -100
                  '':      0 ->   -100
                  '':      0 ->   -100
                  '':      0 ->   -100
                  '':      0 ->   -100
                  '':      0 ->   -100
                  '':      0 ->   -100
                  '':      0 ->   -100
                  '':      0 ->   -100
                  '':      0 ->   -100
                  '':      0 ->   -100
                  '':      0 ->   -100
                  '':      0 ->   -100
                  '':      0 ->   -100
                  '':      0 ->   -100
                  '':      0 ->   -100
                  '':      0 ->   -100
                  '':      0 ->   -100
                  '':      0 ->   -100
                  '':      0 ->   -100
                  '':      0 ->   -100
                  '':      0 ->   -100
                  '':      0 ->   -100
                  '':      0 ->   -100
                  '':      0 ->   -100
                  '':      0 ->   -100
                  '':      0 ->   -100
                  '':      0 ->   -100
                  '':      0 ->   -100
                  '':      0 ->   -100
                  '':      0 ->   -100
                  '':      0 ->   -100
                  '':      0 ->   -100
                  '':      0 ->   -100
                  '':      0 ->   -100
                  '':      0 ->   -100
                  '':      0 ->   -100
                  '':      0 ->   -100
                  '':      0 ->   -100
                  '':      0 ->   -100
                  '':      0 ->   -100
                  '':      0 ->   -100
                  '':      0 ->   -100
                  '':      0 ->   -100
                  '':      0 ->   -100
                  '':      0 ->   -100
                  '':      0 ->   -100
                  '':      0 ->   -100
                  '':      0 ->   -100
                  '':      0 ->   -100
                  '':      0 ->   -100
                  '':      0 ->   -100
                  '':      0 ->   -100
                  '':      0 ->   -100
                  '':      0 ->   -100
                  '':      0 ->   -100
                  '':      0 ->   -100
                  '':      0 ->   -100
                  '':      0 ->   -100
                  '':      0 ->   -100
                  '':      0 ->   -100
                  '':      0 ->   -100
                  '':      0 ->   -100
                  '':      0 ->   -100
                  '':      0 ->   -100
                  '':      0 ->   -100
                  '':      0 ->   -100
                  '':      0 ->   -100
                  '':      0 ->   -100
                  '':      0 ->   -100
                  '':      0 ->   -100
                  '':      0 ->   -100
                  '':      0 ->   -100
                  '':      0 ->   -100
                  '':      0 ->   -100
                  '':      0 ->   -100
                  '':      0 ->   -100
                  '':      0 ->   -100
                  '':      0 ->   -100
                  '':      0 ->   -100
                  '':      0 ->   -100
                  '':      0 ->   -100
                  '':      0 ->   -100
                  '':      0 ->   -100
                  '':      0 ->   -100
                  '':      0 ->   -100
                  '':      0 ->   -100
                  '':      0 ->   -100
<<<<<<<<<<<<< Sanity Check
[INFO|trainer.py:577] 2023-11-29 14:37:18,656 >> max_steps is given, it will override any value given in num_train_epochs
/home/freeview/.local/lib/python3.10/site-packages/transformers/optimization.py:411: FutureWarning: This implementation of AdamW is deprecated and will be removed in a future version. Use the PyTorch implementation torch.optim.AdamW instead, or set `no_deprecation_warning=True` to disable this warning
  warnings.warn(
[INFO|trainer.py:1786] 2023-11-29 14:37:19,824 >> ***** Running training *****
[INFO|trainer.py:1787] 2023-11-29 14:37:19,824 >>   Num examples = 7
[INFO|trainer.py:1788] 2023-11-29 14:37:19,824 >>   Num Epochs = 1,000
[INFO|trainer.py:1789] 2023-11-29 14:37:19,824 >>   Instantaneous batch size per device = 1
[INFO|trainer.py:1790] 2023-11-29 14:37:19,824 >>   Total train batch size (w. parallel, distributed & accumulation) = 16
[INFO|trainer.py:1791] 2023-11-29 14:37:19,824 >>   Gradient Accumulation steps = 16
[INFO|trainer.py:1792] 2023-11-29 14:37:19,824 >>   Total optimization steps = 1,000
[INFO|trainer.py:1793] 2023-11-29 14:37:19,826 >>   Number of trainable parameters = 1,835,008
  0%|          | 0/1000 [00:00<?, ?it/s]11/29/2023 14:37:20 - WARNING - transformers_modules.THUDM.chatglm3-6b.e46a14881eae613281abbd266ee918e93a56018f.modeling_chatglm - `use_cache=True` is incompatible with gradient checkpointing. Setting `use_cache=False`...
  0%|          | 1/1000 [00:15<4:16:42, 15.42s/it]                                                  {'loss': 1.6412, 'learning_rate': 0.01998, 'epoch': 1.0}
  0%|          | 1/1000 [00:15<4:16:42, 15.42s/it]  0%|          | 2/1000 [00:23<3:00:09, 10.83s/it]                                                  {'loss': 1.6965, 'learning_rate': 0.019960000000000002, 'epoch': 2.0}
  0%|          | 2/1000 [00:23<3:00:09, 10.83s/it]  0%|          | 3/1000 [00:25<1:55:21,  6.94s/it]                                                  {'loss': 0.2623, 'learning_rate': 0.01994, 'epoch': 2.29}
  0%|          | 3/1000 [00:25<1:55:21,  6.94s/it]  0%|          | 4/1000 [00:30<1:45:37,  6.36s/it]                                                  {'loss': 1.6879, 'learning_rate': 0.01992, 'epoch': 3.0}
  0%|          | 4/1000 [00:30<1:45:37,  6.36s/it]  0%|          | 5/1000 [00:38<1:53:34,  6.85s/it]                                                  {'loss': 1.9769, 'learning_rate': 0.0199, 'epoch': 4.0}
  0%|          | 5/1000 [00:38<1:53:34,  6.85s/it]  1%|          | 6/1000 [00:42<1:39:52,  6.03s/it]                                                  {'loss': 0.82, 'learning_rate': 0.019880000000000002, 'epoch': 4.57}
  1%|          | 6/1000 [00:42<1:39:52,  6.03s/it]  1%|          | 7/1000 [00:46<1:25:13,  5.15s/it]                                                  {'loss': 0.9216, 'learning_rate': 0.01986, 'epoch': 5.0}
  1%|          | 7/1000 [00:46<1:25:13,  5.15s/it]  1%|          | 8/1000 [00:54<1:39:20,  6.01s/it]                                                  {'loss': 1.4031, 'learning_rate': 0.01984, 'epoch': 6.0}
  1%|          | 8/1000 [00:54<1:39:20,  6.01s/it]  1%|          | 9/1000 [01:01<1:43:32,  6.27s/it]                                                  {'loss': 1.0685, 'learning_rate': 0.01982, 'epoch': 6.86}
  1%|          | 9/1000 [01:01<1:43:32,  6.27s/it]  1%|          | 10/1000 [01:02<1:17:23,  4.69s/it]                                                   {'loss': 0.2131, 'learning_rate': 0.0198, 'epoch': 7.0}
  1%|          | 10/1000 [01:02<1:17:23,  4.69s/it]  1%|          | 11/1000 [01:10<1:34:55,  5.76s/it]                                                   {'loss': 0.9347, 'learning_rate': 0.01978, 'epoch': 8.0}
  1%|          | 11/1000 [01:10<1:34:55,  5.76s/it]  1%|          | 12/1000 [01:18<1:47:16,  6.51s/it]                                                   {'loss': 1.0286, 'learning_rate': 0.01976, 'epoch': 9.0}
  1%|          | 12/1000 [01:18<1:47:16,  6.51s/it]  1%|▏         | 13/1000 [01:19<1:20:37,  4.90s/it]                                                   {'loss': 0.0811, 'learning_rate': 0.01974, 'epoch': 9.14}
  1%|▏         | 13/1000 [01:19<1:20:37,  4.90s/it]  1%|▏         | 14/1000 [01:26<1:31:35,  5.57s/it]                                                   {'loss': 0.8034, 'learning_rate': 0.01972, 'epoch': 10.0}
  1%|▏         | 14/1000 [01:26<1:31:35,  5.57s/it]  2%|▏         | 15/1000 [01:35<1:45:02,  6.40s/it]                                                   {'loss': 0.8732, 'learning_rate': 0.0197, 'epoch': 11.0}
  2%|▏         | 15/1000 [01:35<1:45:02,  6.40s/it]  2%|▏         | 16/1000 [01:38<1:30:57,  5.55s/it]                                                   {'loss': 0.3445, 'learning_rate': 0.01968, 'epoch': 11.43}
  2%|▏         | 16/1000 [01:38<1:30:57,  5.55s/it]  2%|▏         | 17/1000 [01:43<1:26:57,  5.31s/it]                                                   {'loss': 0.4762, 'learning_rate': 0.01966, 'epoch': 12.0}
  2%|▏         | 17/1000 [01:43<1:26:57,  5.31s/it]  2%|▏         | 18/1000 [01:51<1:41:55,  6.23s/it]                                                   {'loss': 0.7823, 'learning_rate': 0.01964, 'epoch': 13.0}
  2%|▏         | 18/1000 [01:51<1:41:55,  6.23s/it]  2%|▏         | 19/1000 [01:57<1:40:49,  6.17s/it]                                                   {'loss': 0.5429, 'learning_rate': 0.01962, 'epoch': 13.71}
  2%|▏         | 19/1000 [01:57<1:40:49,  6.17s/it]  2%|▏         | 20/1000 [02:00<1:22:22,  5.04s/it]                                                   {'loss': 0.2169, 'learning_rate': 0.0196, 'epoch': 14.0}
  2%|▏         | 20/1000 [02:00<1:22:22,  5.04s/it]  2%|▏         | 21/1000 [02:08<1:39:15,  6.08s/it]                                                   {'loss': 0.6927, 'learning_rate': 0.01958, 'epoch': 15.0}
  2%|▏         | 21/1000 [02:08<1:39:15,  6.08s/it]  2%|▏         | 22/1000 [02:17<1:51:17,  6.83s/it]                                                   {'loss': 0.675, 'learning_rate': 0.01956, 'epoch': 16.0}
  2%|▏         | 22/1000 [02:17<1:51:17,  6.83s/it]  2%|▏         | 23/1000 [02:26<1:59:50,  7.36s/it]                                                   {'loss': 0.6166, 'learning_rate': 0.01954, 'epoch': 17.0}
  2%|▏         | 23/1000 [02:26<1:59:50,  7.36s/it]  2%|▏         | 24/1000 [02:34<2:05:56,  7.74s/it]                                                   {'loss': 0.6285, 'learning_rate': 0.01952, 'epoch': 18.0}
  2%|▏         | 24/1000 [02:34<2:05:56,  7.74s/it]  2%|▎         | 25/1000 [02:37<1:40:09,  6.16s/it]                                                   {'loss': 0.0663, 'learning_rate': 0.0195, 'epoch': 18.29}
  2%|▎         | 25/1000 [02:37<1:40:09,  6.16s/it]  3%|▎         | 26/1000 [02:43<1:40:12,  6.17s/it]                                                   {'loss': 0.5039, 'learning_rate': 0.01948, 'epoch': 19.0}
  3%|▎         | 26/1000 [02:43<1:40:12,  6.17s/it]  3%|▎         | 27/1000 [02:52<1:52:26,  6.93s/it]                                                   {'loss': 0.548, 'learning_rate': 0.01946, 'epoch': 20.0}
  3%|▎         | 27/1000 [02:52<1:52:26,  6.93s/it]  3%|▎         | 28/1000 [02:57<1:42:50,  6.35s/it]                                                   {'loss': 0.4547, 'learning_rate': 0.01944, 'epoch': 20.57}
  3%|▎         | 28/1000 [02:57<1:42:50,  6.35s/it]  3%|▎         | 29/1000 [03:00<1:30:06,  5.57s/it]                                                   {'loss': 0.1238, 'learning_rate': 0.01942, 'epoch': 21.0}
  3%|▎         | 29/1000 [03:00<1:30:06,  5.57s/it]  3%|▎         | 30/1000 [03:09<1:45:24,  6.52s/it]                                                   {'loss': 0.5151, 'learning_rate': 0.0194, 'epoch': 22.0}
  3%|▎         | 30/1000 [03:09<1:45:24,  6.52s/it]  3%|▎         | 31/1000 [03:17<1:50:10,  6.82s/it]                                                   {'loss': 0.4219, 'learning_rate': 0.01938, 'epoch': 22.86}
  3%|▎         | 31/1000 [03:17<1:50:10,  6.82s/it]  3%|▎         | 32/1000 [03:18<1:23:08,  5.15s/it]                                                   {'loss': 0.0941, 'learning_rate': 0.01936, 'epoch': 23.0}
  3%|▎         | 32/1000 [03:18<1:23:08,  5.15s/it]  3%|▎         | 33/1000 [03:27<1:40:42,  6.25s/it]                                                   {'loss': 0.4526, 'learning_rate': 0.01934, 'epoch': 24.0}
  3%|▎         | 33/1000 [03:27<1:40:42,  6.25s/it]  3%|▎         | 34/1000 [03:35<1:52:58,  7.02s/it]                                                   {'loss': 0.4579, 'learning_rate': 0.01932, 'epoch': 25.0}
  3%|▎         | 34/1000 [03:35<1:52:58,  7.02s/it]  4%|▎         | 35/1000 [03:37<1:25:04,  5.29s/it]                                                   {'loss': 0.0147, 'learning_rate': 0.0193, 'epoch': 25.14}
  4%|▎         | 35/1000 [03:37<1:25:04,  5.29s/it]  4%|▎         | 36/1000 [03:44<1:36:01,  5.98s/it]                                                   {'loss': 0.3779, 'learning_rate': 0.01928, 'epoch': 26.0}
  4%|▎         | 36/1000 [03:44<1:36:01,  5.98s/it]  4%|▎         | 37/1000 [03:53<1:49:19,  6.81s/it]                                                   {'loss': 0.3993, 'learning_rate': 0.01926, 'epoch': 27.0}
  4%|▎         | 37/1000 [03:53<1:49:19,  6.81s/it]  4%|▍         | 38/1000 [03:57<1:34:41,  5.91s/it]                                                   {'loss': 0.172, 'learning_rate': 0.01924, 'epoch': 27.43}
  4%|▍         | 38/1000 [03:57<1:34:41,  5.91s/it]  4%|▍         | 39/1000 [04:02<1:30:37,  5.66s/it]                                                   {'loss': 0.2222, 'learning_rate': 0.01922, 'epoch': 28.0}
  4%|▍         | 39/1000 [04:02<1:30:37,  5.66s/it]  4%|▍         | 40/1000 [04:11<1:45:56,  6.62s/it]                                                   {'loss': 0.376, 'learning_rate': 0.0192, 'epoch': 29.0}
  4%|▍         | 40/1000 [04:11<1:45:56,  6.62s/it]  4%|▍         | 41/1000 [04:17<1:44:22,  6.53s/it]                                                   {'loss': 0.2762, 'learning_rate': 0.01918, 'epoch': 29.71}
  4%|▍         | 41/1000 [04:17<1:44:22,  6.53s/it]  4%|▍         | 42/1000 [04:20<1:25:07,  5.33s/it]                                                   {'loss': 0.0972, 'learning_rate': 0.01916, 'epoch': 30.0}
  4%|▍         | 42/1000 [04:20<1:25:07,  5.33s/it]  4%|▍         | 43/1000 [04:28<1:42:04,  6.40s/it]                                                   {'loss': 0.3389, 'learning_rate': 0.01914, 'epoch': 31.0}
  4%|▍         | 43/1000 [04:28<1:42:04,  6.40s/it]  4%|▍         | 44/1000 [04:37<1:53:52,  7.15s/it]                                                   {'loss': 0.3278, 'learning_rate': 0.019119999999999998, 'epoch': 32.0}
  4%|▍         | 44/1000 [04:37<1:53:52,  7.15s/it]  4%|▍         | 45/1000 [04:46<2:02:02,  7.67s/it]                                                   {'loss': 0.2854, 'learning_rate': 0.0191, 'epoch': 33.0}
  4%|▍         | 45/1000 [04:46<2:02:02,  7.67s/it]  5%|▍         | 46/1000 [04:55<2:07:42,  8.03s/it]                                                   {'loss': 0.2695, 'learning_rate': 0.01908, 'epoch': 34.0}
  5%|▍         | 46/1000 [04:55<2:07:42,  8.03s/it]  5%|▍         | 47/1000 [04:58<1:41:25,  6.39s/it]                                                   {'loss': 0.0411, 'learning_rate': 0.01906, 'epoch': 34.29}
  5%|▍         | 47/1000 [04:58<1:41:25,  6.39s/it]  5%|▍         | 48/1000 [05:04<1:41:08,  6.37s/it]                                                   {'loss': 0.214, 'learning_rate': 0.019039999999999998, 'epoch': 35.0}
  5%|▍         | 48/1000 [05:04<1:41:08,  6.37s/it]  5%|▍         | 49/1000 [05:13<1:52:56,  7.13s/it]                                                   {'loss': 0.2881, 'learning_rate': 0.01902, 'epoch': 36.0}
  5%|▍         | 49/1000 [05:13<1:52:56,  7.13s/it]  5%|▌         | 50/1000 [05:18<1:43:11,  6.52s/it]                                                   {'loss': 0.1439, 'learning_rate': 0.019, 'epoch': 36.57}
  5%|▌         | 50/1000 [05:18<1:43:11,  6.52s/it]  5%|▌         | 51/1000 [05:22<1:30:15,  5.71s/it]                                                   {'loss': 0.0932, 'learning_rate': 0.01898, 'epoch': 37.0}
  5%|▌         | 51/1000 [05:22<1:30:15,  5.71s/it]  5%|▌         | 52/1000 [05:31<1:45:23,  6.67s/it]                                                   {'loss': 0.2275, 'learning_rate': 0.01896, 'epoch': 38.0}
  5%|▌         | 52/1000 [05:31<1:45:23,  6.67s/it]  5%|▌         | 53/1000 [05:38<1:49:52,  6.96s/it]                                                   {'loss': 0.2147, 'learning_rate': 0.01894, 'epoch': 38.86}
  5%|▌         | 53/1000 [05:38<1:49:52,  6.96s/it]  5%|▌         | 54/1000 [05:40<1:22:52,  5.26s/it]                                                   {'loss': 0.0033, 'learning_rate': 0.01892, 'epoch': 39.0}
  5%|▌         | 54/1000 [05:40<1:22:52,  5.26s/it]  6%|▌         | 55/1000 [05:49<1:39:56,  6.35s/it]                                                   {'loss': 0.2151, 'learning_rate': 0.0189, 'epoch': 40.0}
  6%|▌         | 55/1000 [05:49<1:39:56,  6.35s/it]  6%|▌         | 56/1000 [05:57<1:52:03,  7.12s/it]                                                   {'loss': 0.217, 'learning_rate': 0.01888, 'epoch': 41.0}
  6%|▌         | 56/1000 [05:57<1:52:03,  7.12s/it]  6%|▌         | 57/1000 [05:59<1:24:22,  5.37s/it]                                                   {'loss': 0.0081, 'learning_rate': 0.01886, 'epoch': 41.14}
  6%|▌         | 57/1000 [05:59<1:24:22,  5.37s/it]  6%|▌         | 58/1000 [06:06<1:34:59,  6.05s/it]                                                   {'loss': 0.165, 'learning_rate': 0.01884, 'epoch': 42.0}
  6%|▌         | 58/1000 [06:06<1:34:59,  6.05s/it]  6%|▌         | 59/1000 [06:15<1:48:31,  6.92s/it]                                                   {'loss': 0.191, 'learning_rate': 0.01882, 'epoch': 43.0}
  6%|▌         | 59/1000 [06:15<1:48:31,  6.92s/it]  6%|▌         | 60/1000 [06:19<1:33:52,  5.99s/it]                                                   {'loss': 0.1261, 'learning_rate': 0.0188, 'epoch': 43.43}
  6%|▌         | 60/1000 [06:19<1:33:52,  5.99s/it]  6%|▌         | 61/1000 [06:24<1:29:38,  5.73s/it]                                                   {'loss': 0.0368, 'learning_rate': 0.018779999999999998, 'epoch': 44.0}
  6%|▌         | 61/1000 [06:24<1:29:38,  5.73s/it]  6%|▌         | 62/1000 [06:33<1:44:36,  6.69s/it]                                                   {'loss': 0.117, 'learning_rate': 0.01876, 'epoch': 45.0}
  6%|▌         | 62/1000 [06:33<1:44:36,  6.69s/it]  6%|▋         | 63/1000 [06:40<1:43:00,  6.60s/it]                                                   {'loss': 0.0638, 'learning_rate': 0.018740000000000003, 'epoch': 45.71}
  6%|▋         | 63/1000 [06:40<1:43:00,  6.60s/it]  6%|▋         | 64/1000 [06:42<1:23:59,  5.38s/it]                                                   {'loss': 0.022, 'learning_rate': 0.01872, 'epoch': 46.0}
  6%|▋         | 64/1000 [06:42<1:23:59,  5.38s/it]  6%|▋         | 65/1000 [06:51<1:40:28,  6.45s/it]                                                   {'loss': 0.0893, 'learning_rate': 0.0187, 'epoch': 47.0}
  6%|▋         | 65/1000 [06:51<1:40:28,  6.45s/it]  7%|▋         | 66/1000 [07:00<1:52:01,  7.20s/it]                                                   {'loss': 0.08, 'learning_rate': 0.018680000000000002, 'epoch': 48.0}
  7%|▋         | 66/1000 [07:00<1:52:01,  7.20s/it]  7%|▋         | 67/1000 [07:09<1:59:58,  7.72s/it]                                                   {'loss': 0.0554, 'learning_rate': 0.018660000000000003, 'epoch': 49.0}
  7%|▋         | 67/1000 [07:09<1:59:58,  7.72s/it]  7%|▋         | 68/1000 [07:18<2:05:28,  8.08s/it]                                                   {'loss': 0.0536, 'learning_rate': 0.01864, 'epoch': 50.0}
  7%|▋         | 68/1000 [07:18<2:05:28,  8.08s/it]  7%|▋         | 69/1000 [07:20<1:39:39,  6.42s/it]                                                   {'loss': 0.005, 'learning_rate': 0.01862, 'epoch': 50.29}
  7%|▋         | 69/1000 [07:20<1:39:39,  6.42s/it]  7%|▋         | 70/1000 [07:27<1:39:17,  6.41s/it]                                                   {'loss': 0.0322, 'learning_rate': 0.018600000000000002, 'epoch': 51.0}
  7%|▋         | 70/1000 [07:27<1:39:17,  6.41s/it]  7%|▋         | 71/1000 [07:36<1:51:00,  7.17s/it]                                                   {'loss': 0.0357, 'learning_rate': 0.018580000000000003, 'epoch': 52.0}
  7%|▋         | 71/1000 [07:36<1:51:00,  7.17s/it]  7%|▋         | 72/1000 [07:41<1:41:15,  6.55s/it]                                                   {'loss': 0.0205, 'learning_rate': 0.01856, 'epoch': 52.57}
  7%|▋         | 72/1000 [07:41<1:41:15,  6.55s/it]  7%|▋         | 73/1000 [07:45<1:28:33,  5.73s/it]                                                   {'loss': 0.0118, 'learning_rate': 0.01854, 'epoch': 53.0}
  7%|▋         | 73/1000 [07:45<1:28:33,  5.73s/it]  7%|▋         | 74/1000 [07:54<1:43:15,  6.69s/it]                                                   {'loss': 0.0272, 'learning_rate': 0.018520000000000002, 'epoch': 54.0}
  7%|▋         | 74/1000 [07:54<1:43:15,  6.69s/it]  8%|▊         | 75/1000 [08:01<1:47:32,  6.98s/it]                                                   {'loss': 0.0295, 'learning_rate': 0.018500000000000003, 'epoch': 54.86}
  8%|▊         | 75/1000 [08:01<1:47:32,  6.98s/it]  8%|▊         | 76/1000 [08:03<1:21:03,  5.26s/it]                                                   {'loss': 0.0019, 'learning_rate': 0.01848, 'epoch': 55.0}
  8%|▊         | 76/1000 [08:03<1:21:03,  5.26s/it]  8%|▊         | 77/1000 [08:11<1:37:53,  6.36s/it]                                                   {'loss': 0.0202, 'learning_rate': 0.01846, 'epoch': 56.0}
  8%|▊         | 77/1000 [08:11<1:37:53,  6.36s/it]  8%|▊         | 78/1000 [08:20<1:49:34,  7.13s/it]                                                   {'loss': 0.017, 'learning_rate': 0.01844, 'epoch': 57.0}
  8%|▊         | 78/1000 [08:20<1:49:34,  7.13s/it]  8%|▊         | 79/1000 [08:22<1:22:29,  5.37s/it]                                                   {'loss': 0.0064, 'learning_rate': 0.018420000000000002, 'epoch': 57.14}
  8%|▊         | 79/1000 [08:22<1:22:29,  5.37s/it]  8%|▊         | 80/1000 [08:29<1:32:47,  6.05s/it]                                                   {'loss': 0.0131, 'learning_rate': 0.0184, 'epoch': 58.0}
  8%|▊         | 80/1000 [08:29<1:32:47,  6.05s/it]  8%|▊         | 81/1000 [08:38<1:45:14,  6.87s/it]                                                   {'loss': 0.0219, 'learning_rate': 0.01838, 'epoch': 59.0}
  8%|▊         | 81/1000 [08:38<1:45:14,  6.87s/it]  8%|▊         | 82/1000 [08:42<1:31:12,  5.96s/it]                                                   {'loss': 0.0036, 'learning_rate': 0.01836, 'epoch': 59.43}
  8%|▊         | 82/1000 [08:42<1:31:12,  5.96s/it]  8%|▊         | 83/1000 [08:47<1:27:12,  5.71s/it]                                                   {'loss': 0.0092, 'learning_rate': 0.018340000000000002, 'epoch': 60.0}
  8%|▊         | 83/1000 [08:47<1:27:12,  5.71s/it]  8%|▊         | 84/1000 [08:56<1:41:48,  6.67s/it]                                                   {'loss': 0.0175, 'learning_rate': 0.01832, 'epoch': 61.0}
  8%|▊         | 84/1000 [08:56<1:41:48,  6.67s/it]  8%|▊         | 85/1000 [09:02<1:40:19,  6.58s/it]                                                   {'loss': 0.0075, 'learning_rate': 0.0183, 'epoch': 61.71}
  8%|▊         | 85/1000 [09:02<1:40:19,  6.58s/it]  9%|▊         | 86/1000 [09:05<1:21:50,  5.37s/it]                                                   {'loss': 0.0075, 'learning_rate': 0.01828, 'epoch': 62.0}
  9%|▊         | 86/1000 [09:05<1:21:50,  5.37s/it]  9%|▊         | 87/1000 [09:14<1:37:49,  6.43s/it]                                                   {'loss': 0.0222, 'learning_rate': 0.018260000000000002, 'epoch': 63.0}
  9%|▊         | 87/1000 [09:14<1:37:49,  6.43s/it]  9%|▉         | 88/1000 [09:23<1:48:59,  7.17s/it]                                                   {'loss': 0.0303, 'learning_rate': 0.018240000000000003, 'epoch': 64.0}
  9%|▉         | 88/1000 [09:23<1:48:59,  7.17s/it]  9%|▉         | 89/1000 [09:32<1:56:44,  7.69s/it]                                                   {'loss': 0.0249, 'learning_rate': 0.01822, 'epoch': 65.0}
  9%|▉         | 89/1000 [09:32<1:56:44,  7.69s/it]  9%|▉         | 90/1000 [09:40<2:02:06,  8.05s/it]                                                   {'loss': 0.0147, 'learning_rate': 0.0182, 'epoch': 66.0}
  9%|▉         | 90/1000 [09:40<2:02:06,  8.05s/it]  9%|▉         | 91/1000 [09:43<1:36:53,  6.40s/it]                                                   {'loss': 0.0045, 'learning_rate': 0.01818, 'epoch': 66.29}
  9%|▉         | 91/1000 [09:43<1:36:53,  6.40s/it]  9%|▉         | 92/1000 [09:49<1:36:36,  6.38s/it]                                                   {'loss': 0.0036, 'learning_rate': 0.018160000000000003, 'epoch': 67.0}
  9%|▉         | 92/1000 [09:49<1:36:36,  6.38s/it]  9%|▉         | 93/1000 [09:58<1:47:53,  7.14s/it]                                                   {'loss': 0.0058, 'learning_rate': 0.01814, 'epoch': 68.0}
  9%|▉         | 93/1000 [09:58<1:47:53,  7.14s/it]  9%|▉         | 94/1000 [10:03<1:38:28,  6.52s/it]                                                   {'loss': 0.0049, 'learning_rate': 0.01812, 'epoch': 68.57}
  9%|▉         | 94/1000 [10:03<1:38:28,  6.52s/it] 10%|▉         | 95/1000 [10:07<1:26:04,  5.71s/it]                                                   {'loss': 0.0031, 'learning_rate': 0.0181, 'epoch': 69.0}
 10%|▉         | 95/1000 [10:07<1:26:04,  5.71s/it] 10%|▉         | 96/1000 [10:16<1:40:21,  6.66s/it]                                                   {'loss': 0.006, 'learning_rate': 0.018080000000000002, 'epoch': 70.0}
 10%|▉         | 96/1000 [10:16<1:40:21,  6.66s/it] 10%|▉         | 97/1000 [10:24<1:44:39,  6.95s/it]                                                   {'loss': 0.0057, 'learning_rate': 0.01806, 'epoch': 70.86}
 10%|▉         | 97/1000 [10:24<1:44:39,  6.95s/it] 10%|▉         | 98/1000 [10:25<1:18:57,  5.25s/it]                                                   {'loss': 0.0004, 'learning_rate': 0.01804, 'epoch': 71.0}
 10%|▉         | 98/1000 [10:25<1:18:57,  5.25s/it] 10%|▉         | 99/1000 [10:34<1:35:15,  6.34s/it]                                                   {'loss': 0.0046, 'learning_rate': 0.01802, 'epoch': 72.0}
 10%|▉         | 99/1000 [10:34<1:35:15,  6.34s/it] 10%|█         | 100/1000 [10:43<1:46:46,  7.12s/it]                                                    {'loss': 0.0066, 'learning_rate': 0.018000000000000002, 'epoch': 73.0}
 10%|█         | 100/1000 [10:43<1:46:46,  7.12s/it] 10%|█         | 101/1000 [10:44<1:20:23,  5.37s/it]                                                    {'loss': 0.0011, 'learning_rate': 0.01798, 'epoch': 73.14}
 10%|█         | 101/1000 [10:44<1:20:23,  5.37s/it] 10%|█         | 102/1000 [10:52<1:30:30,  6.05s/it]                                                    {'loss': 0.0067, 'learning_rate': 0.01796, 'epoch': 74.0}
 10%|█         | 102/1000 [10:52<1:30:30,  6.05s/it] 10%|█         | 103/1000 [11:01<1:43:15,  6.91s/it]                                                    {'loss': 0.0055, 'learning_rate': 0.01794, 'epoch': 75.0}
 10%|█         | 103/1000 [11:01<1:43:15,  6.91s/it] 10%|█         | 104/1000 [11:04<1:29:14,  5.98s/it]                                                    {'loss': 0.0018, 'learning_rate': 0.017920000000000002, 'epoch': 75.43}
 10%|█         | 104/1000 [11:04<1:29:14,  5.98s/it] 10%|█         | 105/1000 [11:09<1:25:12,  5.71s/it]                                                    {'loss': 0.0025, 'learning_rate': 0.0179, 'epoch': 76.0}
 10%|█         | 105/1000 [11:09<1:25:12,  5.71s/it] 11%|█         | 106/1000 [11:18<1:39:22,  6.67s/it]                                                    {'loss': 0.0036, 'learning_rate': 0.01788, 'epoch': 77.0}
 11%|█         | 106/1000 [11:18<1:39:22,  6.67s/it] 11%|█         | 107/1000 [11:25<1:37:54,  6.58s/it]                                                    {'loss': 0.0029, 'learning_rate': 0.01786, 'epoch': 77.71}
 11%|█         | 107/1000 [11:25<1:37:54,  6.58s/it] 11%|█         | 108/1000 [11:27<1:19:49,  5.37s/it]                                                    {'loss': 0.001, 'learning_rate': 0.01784, 'epoch': 78.0}
 11%|█         | 108/1000 [11:27<1:19:49,  5.37s/it] 11%|█         | 109/1000 [11:36<1:35:28,  6.43s/it]                                                    {'loss': 0.0027, 'learning_rate': 0.01782, 'epoch': 79.0}
 11%|█         | 109/1000 [11:36<1:35:28,  6.43s/it] 11%|█         | 110/1000 [11:45<1:46:21,  7.17s/it]                                                    {'loss': 0.0031, 'learning_rate': 0.0178, 'epoch': 80.0}
 11%|█         | 110/1000 [11:45<1:46:21,  7.17s/it] 11%|█         | 111/1000 [11:54<1:53:54,  7.69s/it]                                                    {'loss': 0.0038, 'learning_rate': 0.01778, 'epoch': 81.0}
 11%|█         | 111/1000 [11:54<1:53:54,  7.69s/it] 11%|█         | 112/1000 [12:03<1:59:10,  8.05s/it]                                                    {'loss': 0.0065, 'learning_rate': 0.01776, 'epoch': 82.0}
 11%|█         | 112/1000 [12:03<1:59:10,  8.05s/it] 11%|█▏        | 113/1000 [12:05<1:34:37,  6.40s/it]                                                    {'loss': 0.0007, 'learning_rate': 0.017740000000000002, 'epoch': 82.29}
 11%|█▏        | 113/1000 [12:05<1:34:37,  6.40s/it] 11%|█▏        | 114/1000 [12:12<1:34:20,  6.39s/it]                                                    {'loss': 0.0018, 'learning_rate': 0.01772, 'epoch': 83.0}
 11%|█▏        | 114/1000 [12:12<1:34:20,  6.39s/it] 12%|█▏        | 115/1000 [12:21<1:45:20,  7.14s/it]                                                    {'loss': 0.0025, 'learning_rate': 0.0177, 'epoch': 84.0}
 12%|█▏        | 115/1000 [12:21<1:45:20,  7.14s/it] 12%|█▏        | 116/1000 [12:26<1:36:12,  6.53s/it]                                                    {'loss': 0.0015, 'learning_rate': 0.01768, 'epoch': 84.57}
 12%|█▏        | 116/1000 [12:26<1:36:12,  6.53s/it] 12%|█▏        | 117/1000 [12:30<1:24:07,  5.72s/it]                                                    {'loss': 0.001, 'learning_rate': 0.017660000000000002, 'epoch': 85.0}
 12%|█▏        | 117/1000 [12:30<1:24:07,  5.72s/it] 12%|█▏        | 118/1000 [12:39<1:38:08,  6.68s/it]                                                    {'loss': 0.0022, 'learning_rate': 0.01764, 'epoch': 86.0}
 12%|█▏        | 118/1000 [12:39<1:38:08,  6.68s/it] 12%|█▏        | 119/1000 [12:46<1:42:17,  6.97s/it]                                                    {'loss': 0.0027, 'learning_rate': 0.01762, 'epoch': 86.86}
 12%|█▏        | 119/1000 [12:46<1:42:17,  6.97s/it] 12%|█▏        | 120/1000 [12:47<1:17:08,  5.26s/it]                                                    {'loss': 0.0001, 'learning_rate': 0.0176, 'epoch': 87.0}
 12%|█▏        | 120/1000 [12:47<1:17:08,  5.26s/it] 12%|█▏        | 121/1000 [12:56<1:33:01,  6.35s/it]                                                    {'loss': 0.0042, 'learning_rate': 0.017580000000000002, 'epoch': 88.0}
 12%|█▏        | 121/1000 [12:56<1:33:01,  6.35s/it] 12%|█▏        | 122/1000 [13:05<1:44:07,  7.12s/it]                                                    {'loss': 0.003, 'learning_rate': 0.01756, 'epoch': 89.0}
 12%|█▏        | 122/1000 [13:05<1:44:07,  7.12s/it] 12%|█▏        | 123/1000 [13:07<1:18:23,  5.36s/it]                                                    {'loss': 0.0001, 'learning_rate': 0.01754, 'epoch': 89.14}
 12%|█▏        | 123/1000 [13:07<1:18:23,  5.36s/it] 12%|█▏        | 124/1000 [13:14<1:28:15,  6.05s/it]                                                    {'loss': 0.0057, 'learning_rate': 0.01752, 'epoch': 90.0}
 12%|█▏        | 124/1000 [13:14<1:28:15,  6.05s/it] 12%|█▎        | 125/1000 [13:23<1:40:42,  6.91s/it]                                                    {'loss': 0.0056, 'learning_rate': 0.0175, 'epoch': 91.0}
 12%|█▎        | 125/1000 [13:23<1:40:42,  6.91s/it] 13%|█▎        | 126/1000 [13:27<1:27:02,  5.98s/it]                                                    {'loss': 0.0008, 'learning_rate': 0.01748, 'epoch': 91.43}
 13%|█▎        | 126/1000 [13:27<1:27:02,  5.98s/it] 13%|█▎        | 127/1000 [13:32<1:23:05,  5.71s/it]                                                    {'loss': 0.0013, 'learning_rate': 0.01746, 'epoch': 92.0}
 13%|█▎        | 127/1000 [13:32<1:23:05,  5.71s/it] 13%|█▎        | 128/1000 [13:41<1:36:55,  6.67s/it]                                                    {'loss': 0.0028, 'learning_rate': 0.01744, 'epoch': 93.0}
 13%|█▎        | 128/1000 [13:41<1:36:55,  6.67s/it] 13%|█▎        | 129/1000 [13:47<1:35:26,  6.58s/it]                                                    {'loss': 0.0014, 'learning_rate': 0.01742, 'epoch': 93.71}
 13%|█▎        | 129/1000 [13:47<1:35:26,  6.58s/it] 13%|█▎        | 130/1000 [13:50<1:17:48,  5.37s/it]                                                    {'loss': 0.0005, 'learning_rate': 0.0174, 'epoch': 94.0}
 13%|█▎        | 130/1000 [13:50<1:17:48,  5.37s/it] 13%|█▎        | 131/1000 [13:59<1:33:00,  6.42s/it]                                                    {'loss': 0.0018, 'learning_rate': 0.01738, 'epoch': 95.0}
 13%|█▎        | 131/1000 [13:59<1:33:00,  6.42s/it] 13%|█▎        | 132/1000 [14:08<1:43:39,  7.16s/it]                                                    {'loss': 0.0019, 'learning_rate': 0.01736, 'epoch': 96.0}
 13%|█▎        | 132/1000 [14:08<1:43:39,  7.16s/it] 13%|█▎        | 133/1000 [14:16<1:51:01,  7.68s/it]                                                    {'loss': 0.0013, 'learning_rate': 0.01734, 'epoch': 97.0}
 13%|█▎        | 133/1000 [14:16<1:51:01,  7.68s/it] 13%|█▎        | 134/1000 [14:25<1:56:13,  8.05s/it]                                                    {'loss': 0.0018, 'learning_rate': 0.01732, 'epoch': 98.0}
 13%|█▎        | 134/1000 [14:25<1:56:13,  8.05s/it] 14%|█▎        | 135/1000 [14:28<1:32:15,  6.40s/it]                                                    {'loss': 0.0082, 'learning_rate': 0.0173, 'epoch': 98.29}
 14%|█▎        | 135/1000 [14:28<1:32:15,  6.40s/it] 14%|█▎        | 136/1000 [14:34<1:31:56,  6.38s/it]                                                    {'loss': 0.001, 'learning_rate': 0.01728, 'epoch': 99.0}
 14%|█▎        | 136/1000 [14:34<1:31:56,  6.38s/it] 14%|█▎        | 137/1000 [14:43<1:42:40,  7.14s/it]                                                    {'loss': 0.0016, 'learning_rate': 0.01726, 'epoch': 100.0}
 14%|█▎        | 137/1000 [14:43<1:42:40,  7.14s/it] 14%|█▍        | 138/1000 [14:48<1:33:41,  6.52s/it]                                                    {'loss': 0.0007, 'learning_rate': 0.017240000000000002, 'epoch': 100.57}
 14%|█▍        | 138/1000 [14:48<1:33:41,  6.52s/it] 14%|█▍        | 139/1000 [14:52<1:21:55,  5.71s/it]                                                    {'loss': 0.0007, 'learning_rate': 0.01722, 'epoch': 101.0}
 14%|█▍        | 139/1000 [14:52<1:21:55,  5.71s/it] 14%|█▍        | 140/1000 [15:01<1:35:33,  6.67s/it]                                                    {'loss': 0.0017, 'learning_rate': 0.0172, 'epoch': 102.0}
 14%|█▍        | 140/1000 [15:01<1:35:33,  6.67s/it] 14%|█▍        | 141/1000 [15:09<1:39:32,  6.95s/it]                                                    {'loss': 0.0013, 'learning_rate': 0.01718, 'epoch': 102.86}
 14%|█▍        | 141/1000 [15:09<1:39:32,  6.95s/it] 14%|█▍        | 142/1000 [15:10<1:15:04,  5.25s/it]                                                    {'loss': 0.0001, 'learning_rate': 0.01716, 'epoch': 103.0}
 14%|█▍        | 142/1000 [15:10<1:15:04,  5.25s/it] 14%|█▍        | 143/1000 [15:19<1:30:35,  6.34s/it]                                                    {'loss': 0.0014, 'learning_rate': 0.01714, 'epoch': 104.0}
 14%|█▍        | 143/1000 [15:19<1:30:35,  6.34s/it] 14%|█▍        | 144/1000 [15:28<1:41:27,  7.11s/it]                                                    {'loss': 0.0013, 'learning_rate': 0.01712, 'epoch': 105.0}
 14%|█▍        | 144/1000 [15:28<1:41:27,  7.11s/it] 14%|█▍        | 145/1000 [15:29<1:16:22,  5.36s/it]                                                    {'loss': 0.0003, 'learning_rate': 0.0171, 'epoch': 105.14}
 14%|█▍        | 145/1000 [15:29<1:16:22,  5.36s/it] 15%|█▍        | 146/1000 [15:37<1:25:57,  6.04s/it]                                                    {'loss': 0.0014, 'learning_rate': 0.01708, 'epoch': 106.0}
 15%|█▍        | 146/1000 [15:37<1:25:57,  6.04s/it] 15%|█▍        | 147/1000 [15:45<1:38:03,  6.90s/it]                                                    {'loss': 0.0016, 'learning_rate': 0.01706, 'epoch': 107.0}
 15%|█▍        | 147/1000 [15:45<1:38:03,  6.90s/it] 15%|█▍        | 148/1000 [15:49<1:24:48,  5.97s/it]                                                    {'loss': 0.001, 'learning_rate': 0.01704, 'epoch': 107.43}
 15%|█▍        | 148/1000 [15:49<1:24:48,  5.97s/it] 15%|█▍        | 149/1000 [15:54<1:20:55,  5.71s/it]                                                    {'loss': 0.0006, 'learning_rate': 0.01702, 'epoch': 108.0}
 15%|█▍        | 149/1000 [15:54<1:20:55,  5.71s/it] 15%|█▌        | 150/1000 [16:03<1:34:19,  6.66s/it]                                                    {'loss': 0.0014, 'learning_rate': 0.017, 'epoch': 109.0}
 15%|█▌        | 150/1000 [16:03<1:34:19,  6.66s/it] 15%|█▌        | 151/1000 [16:10<1:32:53,  6.56s/it]                                                    {'loss': 0.0008, 'learning_rate': 0.01698, 'epoch': 109.71}
 15%|█▌        | 151/1000 [16:10<1:32:53,  6.56s/it] 15%|█▌        | 152/1000 [16:12<1:15:44,  5.36s/it]                                                    {'loss': 0.0003, 'learning_rate': 0.01696, 'epoch': 110.0}
 15%|█▌        | 152/1000 [16:12<1:15:44,  5.36s/it] 15%|█▌        | 153/1000 [16:21<1:30:38,  6.42s/it]                                                    {'loss': 0.0015, 'learning_rate': 0.01694, 'epoch': 111.0}
 15%|█▌        | 153/1000 [16:21<1:30:38,  6.42s/it] 15%|█▌        | 154/1000 [16:30<1:40:59,  7.16s/it]                                                    {'loss': 0.0015, 'learning_rate': 0.01692, 'epoch': 112.0}
 15%|█▌        | 154/1000 [16:30<1:40:59,  7.16s/it] 16%|█▌        | 155/1000 [16:39<1:48:07,  7.68s/it]                                                    {'loss': 0.0015, 'learning_rate': 0.0169, 'epoch': 113.0}
 16%|█▌        | 155/1000 [16:39<1:48:07,  7.68s/it] 16%|█▌        | 156/1000 [16:48<1:53:10,  8.05s/it]                                                    {'loss': 0.0012, 'learning_rate': 0.01688, 'epoch': 114.0}
 16%|█▌        | 156/1000 [16:48<1:53:10,  8.05s/it] 16%|█▌        | 157/1000 [16:50<1:29:49,  6.39s/it]                                                    {'loss': 0.0003, 'learning_rate': 0.01686, 'epoch': 114.29}
 16%|█▌        | 157/1000 [16:50<1:29:49,  6.39s/it] 16%|█▌        | 158/1000 [16:57<1:29:35,  6.38s/it]                                                    {'loss': 0.0008, 'learning_rate': 0.01684, 'epoch': 115.0}
 16%|█▌        | 158/1000 [16:57<1:29:35,  6.38s/it] 16%|█▌        | 159/1000 [17:05<1:40:03,  7.14s/it]                                                    {'loss': 0.0013, 'learning_rate': 0.016819999999999998, 'epoch': 116.0}
 16%|█▌        | 159/1000 [17:05<1:40:03,  7.14s/it] 16%|█▌        | 160/1000 [17:11<1:31:17,  6.52s/it]                                                    {'loss': 0.0009, 'learning_rate': 0.0168, 'epoch': 116.57}
 16%|█▌        | 160/1000 [17:11<1:31:17,  6.52s/it] 16%|█▌        | 161/1000 [17:14<1:19:50,  5.71s/it]                                                    {'loss': 0.0005, 'learning_rate': 0.01678, 'epoch': 117.0}
 16%|█▌        | 161/1000 [17:14<1:19:50,  5.71s/it] 16%|█▌        | 162/1000 [17:23<1:33:08,  6.67s/it]                                                    {'loss': 0.001, 'learning_rate': 0.01676, 'epoch': 118.0}
 16%|█▌        | 162/1000 [17:23<1:33:08,  6.67s/it] 16%|█▋        | 163/1000 [17:31<1:37:03,  6.96s/it]                                                    {'loss': 0.001, 'learning_rate': 0.01674, 'epoch': 118.86}
 16%|█▋        | 163/1000 [17:31<1:37:03,  6.96s/it] 16%|█▋        | 164/1000 [17:32<1:13:09,  5.25s/it]                                                    {'loss': 0.0002, 'learning_rate': 0.01672, 'epoch': 119.0}
 16%|█▋        | 164/1000 [17:32<1:13:09,  5.25s/it] 16%|█▋        | 165/1000 [17:41<1:28:21,  6.35s/it]                                                    {'loss': 0.0009, 'learning_rate': 0.0167, 'epoch': 120.0}
 16%|█▋        | 165/1000 [17:41<1:28:21,  6.35s/it] 17%|█▋        | 166/1000 [17:50<1:38:51,  7.11s/it]                                                    {'loss': 0.0012, 'learning_rate': 0.01668, 'epoch': 121.0}
 17%|█▋        | 166/1000 [17:50<1:38:51,  7.11s/it] 17%|█▋        | 167/1000 [17:51<1:14:26,  5.36s/it]                                                    {'loss': 0.0002, 'learning_rate': 0.01666, 'epoch': 121.14}
 17%|█▋        | 167/1000 [17:51<1:14:26,  5.36s/it] 17%|█▋        | 168/1000 [17:59<1:23:45,  6.04s/it]                                                    {'loss': 0.0084, 'learning_rate': 0.01664, 'epoch': 122.0}
 17%|█▋        | 168/1000 [17:59<1:23:45,  6.04s/it] 17%|█▋        | 169/1000 [18:08<1:35:33,  6.90s/it]                                                    {'loss': 0.0011, 'learning_rate': 0.01662, 'epoch': 123.0}
 17%|█▋        | 169/1000 [18:08<1:35:33,  6.90s/it] 17%|█▋        | 170/1000 [18:12<1:22:37,  5.97s/it]                                                    {'loss': 0.0006, 'learning_rate': 0.0166, 'epoch': 123.43}
 17%|█▋        | 170/1000 [18:12<1:22:37,  5.97s/it] 17%|█▋        | 171/1000 [18:17<1:18:46,  5.70s/it]                                                    {'loss': 0.0005, 'learning_rate': 0.01658, 'epoch': 124.0}
 17%|█▋        | 171/1000 [18:17<1:18:46,  5.70s/it] 17%|█▋        | 172/1000 [18:26<1:31:50,  6.66s/it]                                                    {'loss': 0.001, 'learning_rate': 0.01656, 'epoch': 125.0}
 17%|█▋        | 172/1000 [18:26<1:31:50,  6.66s/it] 17%|█▋        | 173/1000 [18:32<1:30:32,  6.57s/it]                                                    {'loss': 0.0007, 'learning_rate': 0.01654, 'epoch': 125.71}
 17%|█▋        | 173/1000 [18:32<1:30:32,  6.57s/it] 17%|█▋        | 174/1000 [18:34<1:13:49,  5.36s/it]                                                    {'loss': 0.0002, 'learning_rate': 0.01652, 'epoch': 126.0}
 17%|█▋        | 174/1000 [18:34<1:13:49,  5.36s/it] 18%|█▊        | 175/1000 [18:43<1:28:18,  6.42s/it]                                                    {'loss': 0.001, 'learning_rate': 0.0165, 'epoch': 127.0}
 18%|█▊        | 175/1000 [18:43<1:28:18,  6.42s/it] 18%|█▊        | 176/1000 [18:52<1:38:20,  7.16s/it]                                                    {'loss': 0.0014, 'learning_rate': 0.016479999999999998, 'epoch': 128.0}
 18%|█▊        | 176/1000 [18:52<1:38:20,  7.16s/it] 18%|█▊        | 177/1000 [19:01<1:45:23,  7.68s/it]                                                    {'loss': 0.001, 'learning_rate': 0.01646, 'epoch': 129.0}
 18%|█▊        | 177/1000 [19:01<1:45:23,  7.68s/it] 18%|█▊        | 178/1000 [19:10<1:50:18,  8.05s/it]                                                    {'loss': 0.0009, 'learning_rate': 0.01644, 'epoch': 130.0}
 18%|█▊        | 178/1000 [19:10<1:50:18,  8.05s/it] 18%|█▊        | 179/1000 [19:13<1:27:32,  6.40s/it]                                                    {'loss': 0.0003, 'learning_rate': 0.01642, 'epoch': 130.29}
 18%|█▊        | 179/1000 [19:13<1:27:32,  6.40s/it] 18%|█▊        | 180/1000 [19:19<1:27:16,  6.39s/it]                                                    {'loss': 0.0008, 'learning_rate': 0.016399999999999998, 'epoch': 131.0}
 18%|█▊        | 180/1000 [19:19<1:27:16,  6.39s/it] 18%|█▊        | 181/1000 [19:28<1:37:30,  7.14s/it]                                                    {'loss': 0.0011, 'learning_rate': 0.01638, 'epoch': 132.0}
 18%|█▊        | 181/1000 [19:28<1:37:30,  7.14s/it] 18%|█▊        | 182/1000 [19:33<1:28:55,  6.52s/it]                                                    {'loss': 0.0007, 'learning_rate': 0.01636, 'epoch': 132.57}
 18%|█▊        | 182/1000 [19:33<1:28:55,  6.52s/it] 18%|█▊        | 183/1000 [19:37<1:17:44,  5.71s/it]                                                    {'loss': 0.0003, 'learning_rate': 0.01634, 'epoch': 133.0}
 18%|█▊        | 183/1000 [19:37<1:17:44,  5.71s/it] 18%|█▊        | 184/1000 [19:46<1:30:41,  6.67s/it]                                                    {'loss': 0.0011, 'learning_rate': 0.016319999999999998, 'epoch': 134.0}
 18%|█▊        | 184/1000 [19:46<1:30:41,  6.67s/it] 18%|█▊        | 185/1000 [19:53<1:34:25,  6.95s/it]                                                    {'loss': 0.0011, 'learning_rate': 0.0163, 'epoch': 134.86}
 18%|█▊        | 185/1000 [19:53<1:34:25,  6.95s/it] 19%|█▊        | 186/1000 [19:55<1:11:11,  5.25s/it]                                                    {'loss': 0.0001, 'learning_rate': 0.01628, 'epoch': 135.0}
 19%|█▊        | 186/1000 [19:55<1:11:11,  5.25s/it] 19%|█▊        | 187/1000 [20:03<1:25:57,  6.34s/it]                                                    {'loss': 0.0011, 'learning_rate': 0.01626, 'epoch': 136.0}
 19%|█▊        | 187/1000 [20:03<1:25:57,  6.34s/it] 19%|█▉        | 188/1000 [20:12<1:36:16,  7.11s/it]                                                    {'loss': 0.001, 'learning_rate': 0.01624, 'epoch': 137.0}
 19%|█▉        | 188/1000 [20:12<1:36:16,  7.11s/it] 19%|█▉        | 189/1000 [20:14<1:12:28,  5.36s/it]                                                    {'loss': 0.0001, 'learning_rate': 0.016220000000000002, 'epoch': 137.14}
 19%|█▉        | 189/1000 [20:14<1:12:28,  5.36s/it] 19%|█▉        | 190/1000 [20:21<1:21:33,  6.04s/it]                                                    {'loss': 0.0009, 'learning_rate': 0.016200000000000003, 'epoch': 138.0}
 19%|█▉        | 190/1000 [20:21<1:21:33,  6.04s/it] 19%|█▉        | 191/1000 [20:30<1:33:04,  6.90s/it]                                                    {'loss': 0.0009, 'learning_rate': 0.01618, 'epoch': 139.0}
 19%|█▉        | 191/1000 [20:30<1:33:04,  6.90s/it] 19%|█▉        | 192/1000 [20:34<1:20:27,  5.97s/it]                                                    {'loss': 0.0005, 'learning_rate': 0.01616, 'epoch': 139.43}
 19%|█▉        | 192/1000 [20:34<1:20:27,  5.97s/it] 19%|█▉        | 193/1000 [20:39<1:16:51,  5.71s/it]                                                    {'loss': 0.0004, 'learning_rate': 0.01614, 'epoch': 140.0}
 19%|█▉        | 193/1000 [20:39<1:16:51,  5.71s/it] 19%|█▉        | 194/1000 [20:48<1:29:38,  6.67s/it]                                                    {'loss': 0.0011, 'learning_rate': 0.016120000000000002, 'epoch': 141.0}
 19%|█▉        | 194/1000 [20:48<1:29:38,  6.67s/it]